09:23:24 = COMMUNICATOR_BUILD_SOCKED_FAILED|1532049804965|Warning|Build Socked Failed|setSocket[ClientConnection.java:235]<-loadDepotCFG[CFGFile.java:928]<-loadCFG[CFGFile.java:71]<-run[MainProcess.java:78]|java.net.ConnectException: Connection refused: connect
09:23:37 = COMMUNICATOR_BUILD_SOCKED_FAILED|1532049817047|Warning|Build Socked Failed|setSocket[ClientConnection.java:235]<-loadDepotCFG[CFGFile.java:928]<-loadCFG[CFGFile.java:71]<-run[MainProcess.java:78]|java.net.ConnectException: Connection refused: connect
09:29:57 = COMMUNICATOR_BUILD_SOCKED_FAILED|1532050197818|Warning|Build Socked Failed|setSocket[ClientConnection.java:235]<-loadDepotCFG[CFGFile.java:928]<-loadCFG[CFGFile.java:71]<-run[MainProcess.java:78]|java.net.ConnectException: Connection refused: connect
09:30:57 = OTHERS|1532050257873|Warning|Unknow Reason Type|loadDepotCFG[CFGFile.java:1003]<-loadCFG[CFGFile.java:71]<-run[MainProcess.java:78]|java.lang.IllegalArgumentException: No enum constant BasicEnums.FileType.
09:38:54 = OTHERS|1532050734686|Warning|Unknow Reason Type|loadDepotCFG[CFGFile.java:1003]<-loadCFG[CFGFile.java:71]<-run[MainProcess.java:78]|java.lang.IllegalArgumentException: No enum constant BasicEnums.FileType.
09:40:18 = OTHERS|1532050818553|Warning|Unknow Reason Type|loadDepotCFG[CFGFile.java:1003]<-loadCFG[CFGFile.java:71]<-run[MainProcess.java:78]|java.lang.IllegalArgumentException: No enum constant BasicEnums.FileType.
09:46:24 = OTHERS|1532051184541|Warning|Unknow Reason Type|loadDepotCFG[CFGFile.java:1003]<-loadCFG[CFGFile.java:71]<-run[MainProcess.java:78]|java.lang.IllegalArgumentException: No enum constant BasicEnums.FileType.
09:46:58 = NORMAL|1532051218364|Normal||run[ServerConnection.java:553]|
09:47:43 = NORMAL|1532051263763|Normal||run[ClientConnection.java:591]|
09:47:45 = COMMON_TIME_OUT|1532051265753|Warning|Time Out|waitUntilConnectionIdle[Time.java:134]<-execute[SWRE.java:89]<-execute[SWRE.java:105]<-test[Manager.java:2655]<-test[Manager.java:2639]<-removeIdleServerConnection[MainProcess.java:286]<-run[MainProcess.java:184]|waitTicks = 2000
09:47:45 = COMMUNICATOR_RECEIVE_FAILED|1532051265753|Warning|Receive Data Failed|execute[SWRE.java:90]<-execute[SWRE.java:105]<-test[Manager.java:2655]<-test[Manager.java:2639]<-removeIdleServerConnection[MainProcess.java:286]<-run[MainProcess.java:184]|Time out
09:47:45 = COMMUNICATOR_CONNECTION_CLOSED|1532051265753|Warning|Connection Already has been Closed|removeIdleServerConnection[MainProcess.java:288]<-run[MainProcess.java:184]|Server Closed
09:47:45 = COMMUNICATOR_CONNECTION_CLOSED|1532051265753|Warning|Connection Already has been Closed|run[MainProcess.java:169]|Server[Remote Machine] Closed
09:51:29 = OTHERS|1532051489268|Warning|Unknow Reason Type|loadDepotCFG[CFGFile.java:1003]<-loadCFG[CFGFile.java:71]<-run[MainProcess.java:78]|java.lang.IllegalArgumentException: No enum constant BasicEnums.FileType.
09:52:22 = NORMAL|1532051542229|Normal||run[ServerConnection.java:553]|
09:52:22 = OTHERS|1532051542243|Warning|Type of Reply is Wrong|test[Manager.java:2657]<-test[Manager.java:2639]<-removeIdleServerConnection[MainProcess.java:286]<-run[MainProcess.java:184]|replyClass = Unsupport
09:52:22 = COMMUNICATOR_CONNECTION_CLOSED|1532051542243|Warning|Connection Already has been Closed|removeIdleServerConnection[MainProcess.java:288]<-run[MainProcess.java:184]|Server Closed
09:52:22 = COMMUNICATOR_CONNECTION_CLOSED|1532051542253|Warning|Connection Already has been Closed|run[MainProcess.java:169]|Server[Remote Machine] Closed
10:09:07 = OTHERS|1532052547629|Warning|Unknow Reason Type|loadDepotCFG[CFGFile.java:1003]<-loadCFG[CFGFile.java:71]<-run[MainProcess.java:78]|java.lang.IllegalArgumentException: No enum constant BasicEnums.FileType.
10:09:21 = NORMAL|1532052561705|Normal||run[ServerConnection.java:551]|
10:09:48 = NORMAL|1532052588472|Normal||run[ClientConnection.java:589]|
10:09:50 = COMMON_TIME_OUT|1532052590464|Warning|Time Out|waitUntilConnectionIdle[Time.java:134]<-execute[SWRE.java:89]<-execute[SWRE.java:105]<-test[Manager.java:2655]<-test[Manager.java:2639]<-removeIdleServerConnection[MainProcess.java:286]<-run[MainProcess.java:184]|waitTicks = 2000
10:09:50 = COMMUNICATOR_RECEIVE_FAILED|1532052590464|Warning|Receive Data Failed|execute[SWRE.java:90]<-execute[SWRE.java:105]<-test[Manager.java:2655]<-test[Manager.java:2639]<-removeIdleServerConnection[MainProcess.java:286]<-run[MainProcess.java:184]|Time out
10:09:50 = COMMUNICATOR_CONNECTION_CLOSED|1532052590464|Warning|Connection Already has been Closed|removeIdleServerConnection[MainProcess.java:288]<-run[MainProcess.java:184]|Server Closed
10:09:50 = COMMUNICATOR_CONNECTION_CLOSED|1532052590465|Warning|Connection Already has been Closed|run[MainProcess.java:169]|Server[Remote Machine] Closed
10:13:15 = OTHERS|1532052795950|Warning|Unknow Reason Type|loadDepotCFG[CFGFile.java:1003]<-loadCFG[CFGFile.java:71]<-run[MainProcess.java:78]|java.lang.IllegalArgumentException: No enum constant BasicEnums.FileType.
10:13:26 = NORMAL|1532052806007|Normal||run[ServerConnection.java:551]|
10:14:29 = NORMAL|1532052869129|Normal||run[ClientConnection.java:589]|
10:14:31 = COMMON_TIME_OUT|1532052871121|Warning|Time Out|waitUntilConnectionIdle[Time.java:134]<-execute[SWRE.java:89]<-execute[SWRE.java:105]<-test[Manager.java:2655]<-test[Manager.java:2639]<-removeIdleServerConnection[MainProcess.java:286]<-run[MainProcess.java:184]|waitTicks = 2000
10:14:31 = COMMUNICATOR_RECEIVE_FAILED|1532052871121|Warning|Receive Data Failed|execute[SWRE.java:90]<-execute[SWRE.java:105]<-test[Manager.java:2655]<-test[Manager.java:2639]<-removeIdleServerConnection[MainProcess.java:286]<-run[MainProcess.java:184]|Time out
10:14:31 = COMMUNICATOR_CONNECTION_CLOSED|1532052871121|Warning|Connection Already has been Closed|removeIdleServerConnection[MainProcess.java:288]<-run[MainProcess.java:184]|Server Closed
10:14:31 = COMMUNICATOR_CONNECTION_CLOSED|1532052871121|Warning|Connection Already has been Closed|run[MainProcess.java:169]|Server[Remote Machine] Closed
10:14:49 = OTHERS|1532052889281|Warning|Unknow Reason Type|loadDepotCFG[CFGFile.java:1003]<-loadCFG[CFGFile.java:71]<-run[MainProcess.java:78]|java.lang.IllegalArgumentException: No enum constant BasicEnums.FileType.
10:15:31 = NORMAL|1532052931632|Normal||run[ServerConnection.java:551]|
10:18:44 = NORMAL|1532053124008|Normal||run[ClientConnection.java:589]|
10:18:46 = COMMON_TIME_OUT|1532053126000|Warning|Time Out|waitUntilConnectionIdle[Time.java:134]<-execute[SWRE.java:89]<-execute[SWRE.java:105]<-test[Manager.java:2655]<-test[Manager.java:2639]<-removeIdleServerConnection[MainProcess.java:286]<-run[MainProcess.java:184]|waitTicks = 2000
10:18:46 = COMMUNICATOR_RECEIVE_FAILED|1532053126000|Warning|Receive Data Failed|execute[SWRE.java:90]<-execute[SWRE.java:105]<-test[Manager.java:2655]<-test[Manager.java:2639]<-removeIdleServerConnection[MainProcess.java:286]<-run[MainProcess.java:184]|Time out
10:18:46 = COMMUNICATOR_CONNECTION_CLOSED|1532053126000|Warning|Connection Already has been Closed|removeIdleServerConnection[MainProcess.java:288]<-run[MainProcess.java:184]|Server Closed
10:18:46 = COMMUNICATOR_CONNECTION_CLOSED|1532053126000|Warning|Connection Already has been Closed|run[MainProcess.java:169]|Server[Remote Machine] Closed
10:20:04 = OTHERS|1532053204374|Warning|Unknow Reason Type|loadDepotCFG[CFGFile.java:1003]<-loadCFG[CFGFile.java:71]<-run[MainProcess.java:78]|java.lang.IllegalArgumentException: No enum constant BasicEnums.FileType.
10:20:20 = NORMAL|1532053220174|Normal||run[ServerConnection.java:551]|
10:20:20 = NORMAL|1532053220995|Normal||run[ClientConnection.java:589]|
10:20:22 = COMMON_TIME_OUT|1532053222986|Warning|Time Out|waitUntilConnectionIdle[Time.java:134]<-execute[SWRE.java:89]<-execute[SWRE.java:105]<-test[Manager.java:2655]<-test[Manager.java:2639]<-removeIdleServerConnection[MainProcess.java:286]<-run[MainProcess.java:184]|waitTicks = 2000
10:20:22 = COMMUNICATOR_RECEIVE_FAILED|1532053222986|Warning|Receive Data Failed|execute[SWRE.java:90]<-execute[SWRE.java:105]<-test[Manager.java:2655]<-test[Manager.java:2639]<-removeIdleServerConnection[MainProcess.java:286]<-run[MainProcess.java:184]|Time out
10:20:22 = COMMUNICATOR_CONNECTION_CLOSED|1532053222986|Warning|Connection Already has been Closed|removeIdleServerConnection[MainProcess.java:288]<-run[MainProcess.java:184]|Server Closed
10:20:22 = COMMUNICATOR_CONNECTION_CLOSED|1532053222986|Warning|Connection Already has been Closed|run[MainProcess.java:169]|Server[Remote Machine] Closed
10:20:50 = OTHERS|1532053250125|Warning|Unknow Reason Type|loadDepotCFG[CFGFile.java:1003]<-loadCFG[CFGFile.java:71]<-run[MainProcess.java:78]|java.lang.IllegalArgumentException: No enum constant BasicEnums.FileType.
10:22:08 = NORMAL|1532053328918|Normal||run[ServerConnection.java:551]|
10:23:03 = NORMAL|1532053383915|Normal||run[ClientConnection.java:589]|
10:23:05 = COMMON_TIME_OUT|1532053385906|Warning|Time Out|waitUntilConnectionIdle[Time.java:134]<-execute[SWRE.java:89]<-execute[SWRE.java:105]<-test[Manager.java:2655]<-test[Manager.java:2639]<-removeIdleServerConnection[MainProcess.java:286]<-run[MainProcess.java:184]|waitTicks = 2000
10:23:05 = COMMUNICATOR_RECEIVE_FAILED|1532053385906|Warning|Receive Data Failed|execute[SWRE.java:90]<-execute[SWRE.java:105]<-test[Manager.java:2655]<-test[Manager.java:2639]<-removeIdleServerConnection[MainProcess.java:286]<-run[MainProcess.java:184]|Time out
10:23:05 = COMMUNICATOR_CONNECTION_CLOSED|1532053385906|Warning|Connection Already has been Closed|removeIdleServerConnection[MainProcess.java:288]<-run[MainProcess.java:184]|Server Closed
10:23:05 = COMMUNICATOR_CONNECTION_CLOSED|1532053385906|Warning|Connection Already has been Closed|run[MainProcess.java:169]|Server[Remote Machine] Closed
10:23:40 = OTHERS|1532053420295|Warning|Unknow Reason Type|loadDepotCFG[CFGFile.java:1003]<-loadCFG[CFGFile.java:71]<-run[MainProcess.java:78]|java.lang.IllegalArgumentException: No enum constant BasicEnums.FileType.
10:24:49 = OTHERS|1532053489131|Warning|Type of Reply is Wrong|test[Manager.java:2657]<-test[Manager.java:2639]<-removeIdleServerConnection[MainProcess.java:286]<-run[MainProcess.java:184]|replyClass = Unsupport
10:24:49 = COMMUNICATOR_CONNECTION_CLOSED|1532053489131|Warning|Connection Already has been Closed|removeIdleServerConnection[MainProcess.java:288]<-run[MainProcess.java:184]|Server Closed
10:24:49 = NORMAL|1532053489131|Normal||run[ServerConnection.java:551]|
10:24:49 = COMMUNICATOR_CONNECTION_CLOSED|1532053489142|Warning|Connection Already has been Closed|run[MainProcess.java:169]|Server[Remote Machine] Closed
10:28:58 = OTHERS|1532053738783|Warning|Unknow Reason Type|loadDepotCFG[CFGFile.java:1003]<-loadCFG[CFGFile.java:71]<-run[MainProcess.java:78]|java.lang.IllegalArgumentException: No enum constant BasicEnums.FileType.
10:29:04 = COMMON_TIME_OUT|1532053744721|Warning|Time Out|waitUntilConnectionIdle[Time.java:134]<-execute[SWRE.java:83]<-execute[SWRE.java:105]<-isDestMachineIndexExist[Comman.java:479]<-execute[Test.java:88]<-execute[Executor.java:17]<-execute[ServerExecutor.java:15]<-run[ServerConnection.java:429]|waitTicks = 100
10:29:04 = COMMUNICATOR_SEND_FAILED|1532053744721|Warning|Send Data Failed|execute[SWRE.java:84]<-execute[SWRE.java:105]<-isDestMachineIndexExist[Comman.java:479]<-execute[Test.java:88]<-execute[Executor.java:17]<-execute[ServerExecutor.java:15]<-run[ServerConnection.java:429]|Time out
10:29:04 = NORMAL|1532053744732|Normal||run[ServerConnection.java:551]|
10:29:06 = COMMON_TIME_OUT|1532053746313|Warning|Time Out|waitUntilConnectionIdle[Time.java:134]<-execute[SWRE.java:89]<-execute[SWRE.java:105]<-test[Manager.java:2655]<-test[Manager.java:2639]<-removeIdleServerConnection[MainProcess.java:286]<-run[MainProcess.java:184]|waitTicks = 2000
10:29:06 = COMMUNICATOR_RECEIVE_FAILED|1532053746313|Warning|Receive Data Failed|execute[SWRE.java:90]<-execute[SWRE.java:105]<-test[Manager.java:2655]<-test[Manager.java:2639]<-removeIdleServerConnection[MainProcess.java:286]<-run[MainProcess.java:184]|Time out
10:29:06 = COMMUNICATOR_CONNECTION_CLOSED|1532053746313|Warning|Connection Already has been Closed|removeIdleServerConnection[MainProcess.java:288]<-run[MainProcess.java:184]|Server Closed
10:29:06 = NORMAL|1532053746314|Normal||run[ClientConnection.java:589]|
10:29:06 = COMMUNICATOR_CONNECTION_CLOSED|1532053746315|Warning|Connection Already has been Closed|run[MainProcess.java:169]|Server[Remote Machine] Closed
10:30:47 = OTHERS|1532053847146|Warning|Unknow Reason Type|loadDepotCFG[CFGFile.java:1003]<-loadCFG[CFGFile.java:71]<-run[MainProcess.java:78]|java.lang.IllegalArgumentException: No enum constant BasicEnums.FileType.
10:30:52 = COMMON_TIME_OUT|1532053852780|Warning|Time Out|waitUntilConnectionIdle[Time.java:134]<-execute[SWRE.java:83]<-execute[SWRE.java:105]<-test[Manager.java:2655]<-test[Manager.java:2639]<-removeIdleServerConnection[MainProcess.java:286]<-run[MainProcess.java:184]|waitTicks = 100
10:30:52 = COMMUNICATOR_SEND_FAILED|1532053852780|Warning|Send Data Failed|execute[SWRE.java:84]<-execute[SWRE.java:105]<-test[Manager.java:2655]<-test[Manager.java:2639]<-removeIdleServerConnection[MainProcess.java:286]<-run[MainProcess.java:184]|Time out
10:30:52 = COMMUNICATOR_CONNECTION_CLOSED|1532053852780|Warning|Connection Already has been Closed|removeIdleServerConnection[MainProcess.java:288]<-run[MainProcess.java:184]|Server Closed
10:30:52 = NORMAL|1532053852781|Normal||run[ClientConnection.java:589]|
10:30:52 = COMMUNICATOR_CONNECTION_CLOSED|1532053852782|Warning|Connection Already has been Closed|run[MainProcess.java:169]|Server[Remote Machine] Closed
10:37:23 = OTHERS|1532054243932|Warning|Unknow Reason Type|loadDepotCFG[CFGFile.java:1003]<-loadCFG[CFGFile.java:71]<-run[MainProcess.java:78]|java.lang.IllegalArgumentException: No enum constant BasicEnums.FileType.
10:37:48 = OTHERS|1532054268862|Warning|Type of Reply is Wrong|test[Manager.java:2657]<-test[Manager.java:2639]<-removeIdleServerConnection[MainProcess.java:286]<-run[MainProcess.java:184]|replyClass = Unsupport
10:37:48 = COMMUNICATOR_CONNECTION_CLOSED|1532054268862|Warning|Connection Already has been Closed|removeIdleServerConnection[MainProcess.java:288]<-run[MainProcess.java:184]|Server Closed
10:37:48 = COMMUNICATOR_CONNECTION_CLOSED|1532054268871|Warning|Connection Already has been Closed|run[MainProcess.java:169]|Server[Remote Machine] Closed
10:40:13 = OTHERS|1532054413856|Warning|Unknow Reason Type|loadDepotCFG[CFGFile.java:1003]<-loadCFG[CFGFile.java:71]<-run[MainProcess.java:78]|java.lang.IllegalArgumentException: No enum constant BasicEnums.FileType.
10:41:32 = COMMON_TIME_OUT|1532054492740|Warning|Time Out|waitUntilConnectionIdle[Time.java:134]<-execute[SWRE.java:83]<-execute[SWRE.java:105]<-isDestMachineIndexExist[Comman.java:479]<-execute[Test.java:88]<-execute[Executor.java:17]<-execute[ServerExecutor.java:15]<-run[ServerConnection.java:429]|waitTicks = 100
10:41:32 = COMMUNICATOR_SEND_FAILED|1532054492740|Warning|Send Data Failed|execute[SWRE.java:84]<-execute[SWRE.java:105]<-isDestMachineIndexExist[Comman.java:479]<-execute[Test.java:88]<-execute[Executor.java:17]<-execute[ServerExecutor.java:15]<-run[ServerConnection.java:429]|Time out
10:41:32 = NORMAL|1532054492751|Normal||run[ServerConnection.java:551]|
10:41:32 = COMMUNICATOR_CONNECTION_CLOSED|1532054492950|Warning|Connection Already has been Closed|isConnectionRunning[Manager.java:3463]<-test[Manager.java:2645]<-test[Manager.java:2639]<-removeIdleServerConnection[MainProcess.java:286]<-run[MainProcess.java:184]|
10:41:32 = COMMUNICATOR_CONNECTION_CLOSED|1532054492950|Warning|Connection Already has been Closed|removeIdleServerConnection[MainProcess.java:288]<-run[MainProcess.java:184]|Server Closed
10:41:32 = COMMUNICATOR_CONNECTION_CLOSED|1532054492950|Warning|Connection Already has been Closed|run[MainProcess.java:169]|Server[Remote Machine] Closed
11:05:19 = OTHERS|1532055919820|Warning|Unknow Reason Type|loadDepotCFG[CFGFile.java:1003]<-loadCFG[CFGFile.java:71]<-run[MainProcess.java:78]|java.lang.IllegalArgumentException: No enum constant BasicEnums.FileType.
11:05:44 = NORMAL|1532055944822|Normal||run[ServerConnection.java:551]|
11:05:44 = OTHERS|1532055944834|Warning|Type of Reply is Wrong|test[Manager.java:2657]<-test[Manager.java:2639]<-removeIdleServerConnection[MainProcess.java:291]<-run[MainProcess.java:189]|replyClass = QueryMachine
11:05:44 = COMMUNICATOR_CONNECTION_CLOSED|1532055944834|Warning|Connection Already has been Closed|removeIdleServerConnection[MainProcess.java:293]<-run[MainProcess.java:189]|Server Closed
11:05:44 = COMMUNICATOR_CONNECTION_CLOSED|1532055944844|Warning|Connection Already has been Closed|run[MainProcess.java:174]|Server[Remote Machine] Closed
11:31:58 = OTHERS|1532057518558|Warning|Unknow Reason Type|loadDepotCFG[CFGFile.java:1003]<-loadCFG[CFGFile.java:71]<-run[MainProcess.java:78]|java.lang.IllegalArgumentException: No enum constant BasicEnums.FileType.
11:49:10 = OTHERS|1532058550704|Warning|Unknow Reason Type|loadDepotCFG[CFGFile.java:1003]<-loadCFG[CFGFile.java:71]<-run[MainProcess.java:78]|java.lang.IllegalArgumentException: No enum constant BasicEnums.FileType.
11:49:28 = OTHERS|1532058568542|Warning|Unknow Reason Type|loadDepotCFG[CFGFile.java:1003]<-loadCFG[CFGFile.java:71]<-run[MainProcess.java:78]|java.lang.IllegalArgumentException: No enum constant BasicEnums.FileType.
11:49:44 = OTHERS|1532058584376|Warning|Unknow Reason Type|loadDepotCFG[CFGFile.java:1003]<-loadCFG[CFGFile.java:71]<-run[MainProcess.java:78]|java.lang.IllegalArgumentException: No enum constant BasicEnums.FileType.
11:50:57 = OTHERS|1532058657205|Warning|Unknow Reason Type|loadDepotCFG[CFGFile.java:1003]<-loadCFG[CFGFile.java:71]<-run[MainProcess.java:78]|java.lang.IllegalArgumentException: No enum constant BasicEnums.FileType.
11:53:33 = OTHERS|1532058813498|Warning|Unknow Reason Type|loadDepotCFG[CFGFile.java:1003]<-loadCFG[CFGFile.java:71]<-run[MainProcess.java:78]|java.lang.IllegalArgumentException: No enum constant BasicEnums.FileType.
11:53:33 = COMMUNICATOR_RUNNING_FAILED|1532058813948|Warning|Error Occurs in Running|run[ServerConnection.java:551]|java.lang.NullPointerException
11:53:52 = OTHERS|1532058832432|Warning|Unknow Reason Type|loadDepotCFG[CFGFile.java:1003]<-loadCFG[CFGFile.java:71]<-run[MainProcess.java:78]|java.lang.IllegalArgumentException: No enum constant BasicEnums.FileType.
11:55:07 = OTHERS|1532058907729|Warning|Unknow Reason Type|loadDepotCFG[CFGFile.java:1003]<-loadCFG[CFGFile.java:71]<-run[MainProcess.java:78]|java.lang.IllegalArgumentException: No enum constant BasicEnums.FileType.
11:56:05 = OTHERS|1532058965096|Warning|Unknow Reason Type|loadDepotCFG[CFGFile.java:1003]<-loadCFG[CFGFile.java:71]<-run[MainProcess.java:78]|java.lang.IllegalArgumentException: No enum constant BasicEnums.FileType.
12:02:05 = OTHERS|1532059325432|Warning|Unknow Reason Type|loadDepotCFG[CFGFile.java:1003]<-loadCFG[CFGFile.java:71]<-run[MainProcess.java:78]|java.lang.IllegalArgumentException: No enum constant BasicEnums.FileType.
12:02:06 = COMMUNICATOR_RUNNING_FAILED|1532059326841|Warning|Error Occurs in Running|run[ServerConnection.java:551]|java.lang.NullPointerException
12:02:11 = COMMUNICATOR_CONNECTION_CLOSED|1532059331994|Warning|Connection Already has been Closed|isConnectionRunning[Manager.java:3463]<-test[Manager.java:2645]<-test[Manager.java:2639]<-test[ClientConnection.java:646]<-removeIdleServerConnection[MainProcess.java:289]<-run[MainProcess.java:188]|
12:02:11 = COMMUNICATOR_CONNECTION_CLOSED|1532059331994|Warning|Connection Already has been Closed|removeIdleServerConnection[MainProcess.java:290]<-run[MainProcess.java:188]|Server Closed
12:02:11 = COMMUNICATOR_CONNECTION_CLOSED|1532059331994|Warning|Connection Already has been Closed|run[MainProcess.java:174]|Server[Remote Machine] Closed
12:07:40 = OTHERS|1532059660737|Warning|Unknow Reason Type|loadDepotCFG[CFGFile.java:1003]<-loadCFG[CFGFile.java:71]<-run[MainProcess.java:78]|java.lang.IllegalArgumentException: No enum constant BasicEnums.FileType.
12:22:28 = OTHERS|1532060548860|Warning|Unknow Reason Type|loadDepotCFG[CFGFile.java:1003]<-loadCFG[CFGFile.java:71]<-run[MainProcess.java:78]|java.lang.IllegalArgumentException: No enum constant BasicEnums.FileType.
12:24:00 = OTHERS|1532060640960|Warning|Unknow Reason Type|loadDepotCFG[CFGFile.java:1003]<-loadCFG[CFGFile.java:71]<-run[MainProcess.java:78]|java.lang.IllegalArgumentException: No enum constant BasicEnums.FileType.
12:39:24 = OTHERS|1532061564981|Warning|Unknow Reason Type|loadDepotCFG[CFGFile.java:1003]<-loadCFG[CFGFile.java:71]<-run[MainProcess.java:78]|java.lang.IllegalArgumentException: No enum constant BasicEnums.FileType.
12:40:06 = COMMUNICATOR_CONNECTION_CLOSED|1532061606595|Warning|Connection Already has been Closed|run[MainProcess.java:174]|Server[Remote Machine] Closed
12:41:09 = OTHERS|1532061669095|Warning|Unknow Reason Type|loadDepotCFG[CFGFile.java:1003]<-loadCFG[CFGFile.java:71]<-run[MainProcess.java:78]|java.lang.IllegalArgumentException: No enum constant BasicEnums.FileType.
12:42:37 = OTHERS|1532061757167|Warning|Unknow Reason Type|loadDepotCFG[CFGFile.java:1003]<-loadCFG[CFGFile.java:71]<-run[MainProcess.java:78]|java.lang.IllegalArgumentException: No enum constant BasicEnums.FileType.
12:43:10 = COMMUNICATOR_RUNNING_FAILED|1532061790338|Warning|Error Occurs in Running|run[ServerConnection.java:551]|java.net.SocketException: Connection reset
12:43:12 = COMMUNICATOR_RUNNING_FAILED|1532061792803|Warning|Error Occurs in Running|run[ClientConnection.java:591]|ozxdno-server->ozxdno-depot: java.net.SocketException: Connection reset
12:43:14 = COMMON_TIME_OUT|1532061794794|Warning|Time Out|waitUntilConnectionIdle[Time.java:134]<-execute[SWRE.java:89]<-execute[SWRE.java:105]<-test[Manager.java:2655]<-test[Manager.java:2639]<-test[ClientConnection.java:652]<-removeIdleServerConnection[MainProcess.java:289]<-run[MainProcess.java:188]|waitTicks = 2000
12:43:14 = COMMUNICATOR_RECEIVE_FAILED|1532061794794|Warning|Receive Data Failed|execute[SWRE.java:90]<-execute[SWRE.java:105]<-test[Manager.java:2655]<-test[Manager.java:2639]<-test[ClientConnection.java:652]<-removeIdleServerConnection[MainProcess.java:289]<-run[MainProcess.java:188]|Time out
12:43:14 = COMMUNICATOR_CONNECTION_CLOSED|1532061794794|Warning|Connection Already has been Closed|removeIdleServerConnection[MainProcess.java:290]<-run[MainProcess.java:188]|Server Closed
12:43:14 = COMMUNICATOR_CONNECTION_CLOSED|1532061794794|Warning|Connection Already has been Closed|run[MainProcess.java:174]|Server[Remote Machine] Closed
12:45:22 = OTHERS|1532061922045|Warning|Unknow Reason Type|loadDepotCFG[CFGFile.java:1003]<-loadCFG[CFGFile.java:71]<-run[MainProcess.java:78]|java.lang.IllegalArgumentException: No enum constant BasicEnums.FileType.
12:50:52 = OTHERS|1532062252936|Warning|Unknow Reason Type|loadDepotCFG[CFGFile.java:1003]<-loadCFG[CFGFile.java:71]<-run[MainProcess.java:78]|java.lang.IllegalArgumentException: No enum constant BasicEnums.FileType.
12:50:59 = COMMUNICATOR_RUNNING_FAILED|1532062259348|Warning|Error Occurs in Running|run[ServerConnection.java:551]|java.lang.NullPointerException
12:52:38 = COMMUNICATOR_RUNNING_FAILED|1532062358829|Warning|Error Occurs in Running|run[ClientConnection.java:591]|ozxdno-server->ozxdno-depot: java.net.SocketException: Connection reset
12:52:40 = COMMON_TIME_OUT|1532062360819|Warning|Time Out|waitUntilConnectionIdle[Time.java:134]<-execute[SWRE.java:89]<-execute[SWRE.java:105]<-test[Manager.java:2655]<-test[Manager.java:2639]<-test[ClientConnection.java:652]<-removeIdleServerConnection[MainProcess.java:289]<-run[MainProcess.java:188]|waitTicks = 2000
12:52:40 = COMMUNICATOR_RECEIVE_FAILED|1532062360819|Warning|Receive Data Failed|execute[SWRE.java:90]<-execute[SWRE.java:105]<-test[Manager.java:2655]<-test[Manager.java:2639]<-test[ClientConnection.java:652]<-removeIdleServerConnection[MainProcess.java:289]<-run[MainProcess.java:188]|Time out
12:52:40 = COMMUNICATOR_CONNECTION_CLOSED|1532062360819|Warning|Connection Already has been Closed|removeIdleServerConnection[MainProcess.java:290]<-run[MainProcess.java:188]|Server Closed
12:52:40 = COMMUNICATOR_CONNECTION_CLOSED|1532062360819|Warning|Connection Already has been Closed|run[MainProcess.java:174]|Server[Remote Machine] Closed
12:53:13 = OTHERS|1532062393021|Warning|Unknow Reason Type|loadDepotCFG[CFGFile.java:1003]<-loadCFG[CFGFile.java:71]<-run[MainProcess.java:78]|java.lang.IllegalArgumentException: No enum constant BasicEnums.FileType.
12:53:18 = COMMUNICATOR_RUNNING_FAILED|1532062398441|Warning|Error Occurs in Running|run[ServerConnection.java:551]|java.lang.NullPointerException
12:54:23 = COMMUNICATOR_RUNNING_FAILED|1532062463773|Warning|Error Occurs in Running|run[ClientConnection.java:591]|ozxdno-server->ozxdno-depot: java.net.SocketException: Connection reset
12:54:25 = COMMON_TIME_OUT|1532062465762|Warning|Time Out|waitUntilConnectionIdle[Time.java:134]<-execute[SWRE.java:89]<-execute[SWRE.java:105]<-test[Manager.java:2655]<-test[Manager.java:2639]<-test[ClientConnection.java:652]<-removeIdleServerConnection[MainProcess.java:289]<-run[MainProcess.java:188]|waitTicks = 2000
12:54:25 = COMMUNICATOR_RECEIVE_FAILED|1532062465762|Warning|Receive Data Failed|execute[SWRE.java:90]<-execute[SWRE.java:105]<-test[Manager.java:2655]<-test[Manager.java:2639]<-test[ClientConnection.java:652]<-removeIdleServerConnection[MainProcess.java:289]<-run[MainProcess.java:188]|Time out
12:54:25 = COMMUNICATOR_CONNECTION_CLOSED|1532062465762|Warning|Connection Already has been Closed|removeIdleServerConnection[MainProcess.java:290]<-run[MainProcess.java:188]|Server Closed
12:54:25 = COMMUNICATOR_CONNECTION_CLOSED|1532062465762|Warning|Connection Already has been Closed|run[MainProcess.java:174]|Server[Remote Machine] Closed
12:54:35 = OTHERS|1532062475520|Warning|Unknow Reason Type|loadDepotCFG[CFGFile.java:1003]<-loadCFG[CFGFile.java:71]<-run[MainProcess.java:78]|java.lang.IllegalArgumentException: No enum constant BasicEnums.FileType.
12:55:21 = OTHERS|1532062521380|Warning|Unknow Reason Type|loadDepotCFG[CFGFile.java:1003]<-loadCFG[CFGFile.java:71]<-run[MainProcess.java:78]|java.lang.IllegalArgumentException: No enum constant BasicEnums.FileType.
12:55:27 = COMMUNICATOR_RUNNING_FAILED|1532062527520|Warning|Error Occurs in Running|run[ServerConnection.java:551]|java.lang.NullPointerException
12:55:46 = COMMUNICATOR_RUNNING_FAILED|1532062546960|Warning|Error Occurs in Running|run[ClientConnection.java:591]|ozxdno-server->ozxdno-depot: java.net.SocketException: Connection reset
12:55:48 = COMMON_TIME_OUT|1532062548951|Warning|Time Out|waitUntilConnectionIdle[Time.java:134]<-execute[SWRE.java:89]<-execute[SWRE.java:105]<-test[Manager.java:2655]<-test[Manager.java:2639]<-test[ClientConnection.java:652]<-removeIdleServerConnection[MainProcess.java:289]<-run[MainProcess.java:188]|waitTicks = 2000
12:55:48 = COMMUNICATOR_RECEIVE_FAILED|1532062548951|Warning|Receive Data Failed|execute[SWRE.java:90]<-execute[SWRE.java:105]<-test[Manager.java:2655]<-test[Manager.java:2639]<-test[ClientConnection.java:652]<-removeIdleServerConnection[MainProcess.java:289]<-run[MainProcess.java:188]|Time out
12:55:48 = COMMUNICATOR_CONNECTION_CLOSED|1532062548951|Warning|Connection Already has been Closed|removeIdleServerConnection[MainProcess.java:290]<-run[MainProcess.java:188]|Server Closed
12:55:48 = COMMUNICATOR_CONNECTION_CLOSED|1532062548951|Warning|Connection Already has been Closed|run[MainProcess.java:174]|Server[Remote Machine] Closed
12:56:13 = OTHERS|1532062573417|Warning|Unknow Reason Type|loadDepotCFG[CFGFile.java:1003]<-loadCFG[CFGFile.java:71]<-run[MainProcess.java:78]|java.lang.IllegalArgumentException: No enum constant BasicEnums.FileType.
12:58:49 = COMMUNICATOR_RUNNING_FAILED|1532062729137|Warning|Error Occurs in Running|run[ServerConnection.java:551]|java.net.SocketException: Connection reset
12:58:49 = COMMUNICATOR_RUNNING_FAILED|1532062729479|Warning|Error Occurs in Running|run[ClientConnection.java:591]|ozxdno-server->ozxdno-depot: java.net.SocketException: Connection reset
12:58:51 = COMMON_TIME_OUT|1532062731471|Warning|Time Out|waitUntilConnectionIdle[Time.java:134]<-execute[SWRE.java:89]<-execute[SWRE.java:105]<-test[Manager.java:2655]<-test[Manager.java:2639]<-test[ClientConnection.java:652]<-removeIdleServerConnection[MainProcess.java:289]<-run[MainProcess.java:188]|waitTicks = 2000
12:58:51 = COMMUNICATOR_RECEIVE_FAILED|1532062731471|Warning|Receive Data Failed|execute[SWRE.java:90]<-execute[SWRE.java:105]<-test[Manager.java:2655]<-test[Manager.java:2639]<-test[ClientConnection.java:652]<-removeIdleServerConnection[MainProcess.java:289]<-run[MainProcess.java:188]|Time out
12:58:51 = COMMUNICATOR_CONNECTION_CLOSED|1532062731471|Warning|Connection Already has been Closed|removeIdleServerConnection[MainProcess.java:290]<-run[MainProcess.java:188]|Server Closed
12:58:51 = COMMUNICATOR_CONNECTION_CLOSED|1532062731471|Warning|Connection Already has been Closed|run[MainProcess.java:174]|Server[Remote Machine] Closed
13:00:13 = COMMUNICATOR_BUILD_SOCKED_FAILED|1532062813706|Warning|Build Socked Failed|setSocket[ClientConnection.java:235]<-loadDepotCFG[CFGFile.java:928]<-loadCFG[CFGFile.java:71]<-run[MainProcess.java:78]|java.net.ConnectException: Connection refused: connect
13:00:24 = OTHERS|1532062824715|Warning|Unknow Reason Type|loadDepotCFG[CFGFile.java:1003]<-loadCFG[CFGFile.java:71]<-run[MainProcess.java:78]|java.lang.IllegalArgumentException: No enum constant BasicEnums.FileType.
13:00:44 = COMMUNICATOR_RUNNING_FAILED|1532062844369|Warning|Error Occurs in Running|run[ServerConnection.java:551]|java.net.SocketException: Connection reset
13:00:45 = COMMUNICATOR_RUNNING_FAILED|1532062845262|Warning|Error Occurs in Running|run[ClientConnection.java:591]|ozxdno-server->ozxdno-depot: java.net.SocketException: Connection reset
13:00:47 = COMMON_TIME_OUT|1532062847252|Warning|Time Out|waitUntilConnectionIdle[Time.java:134]<-execute[SWRE.java:89]<-execute[SWRE.java:105]<-test[Manager.java:2655]<-test[Manager.java:2639]<-test[ClientConnection.java:652]<-removeIdleServerConnection[MainProcess.java:289]<-run[MainProcess.java:188]|waitTicks = 2000
13:00:47 = COMMUNICATOR_RECEIVE_FAILED|1532062847252|Warning|Receive Data Failed|execute[SWRE.java:90]<-execute[SWRE.java:105]<-test[Manager.java:2655]<-test[Manager.java:2639]<-test[ClientConnection.java:652]<-removeIdleServerConnection[MainProcess.java:289]<-run[MainProcess.java:188]|Time out
13:00:47 = COMMUNICATOR_CONNECTION_CLOSED|1532062847252|Warning|Connection Already has been Closed|removeIdleServerConnection[MainProcess.java:290]<-run[MainProcess.java:188]|Server Closed
13:00:47 = COMMUNICATOR_CONNECTION_CLOSED|1532062847252|Warning|Connection Already has been Closed|run[MainProcess.java:174]|Server[Remote Machine] Closed
13:00:55 = OTHERS|1532062855286|Warning|Unknow Reason Type|loadDepotCFG[CFGFile.java:1003]<-loadCFG[CFGFile.java:71]<-run[MainProcess.java:78]|java.lang.IllegalArgumentException: No enum constant BasicEnums.FileType.
13:01:17 = COMMUNICATOR_RUNNING_FAILED|1532062877802|Warning|Error Occurs in Running|run[ServerConnection.java:551]|java.net.SocketException: Connection reset
13:01:21 = COMMUNICATOR_RUNNING_FAILED|1532062881864|Warning|Error Occurs in Running|run[ClientConnection.java:591]|ozxdno-server->ozxdno-depot: java.net.SocketException: Connection reset
13:01:23 = COMMON_TIME_OUT|1532062883856|Warning|Time Out|waitUntilConnectionIdle[Time.java:134]<-execute[SWRE.java:89]<-execute[SWRE.java:105]<-test[Manager.java:2655]<-test[Manager.java:2639]<-test[ClientConnection.java:652]<-removeIdleServerConnection[MainProcess.java:289]<-run[MainProcess.java:188]|waitTicks = 2000
13:01:23 = COMMUNICATOR_RECEIVE_FAILED|1532062883856|Warning|Receive Data Failed|execute[SWRE.java:90]<-execute[SWRE.java:105]<-test[Manager.java:2655]<-test[Manager.java:2639]<-test[ClientConnection.java:652]<-removeIdleServerConnection[MainProcess.java:289]<-run[MainProcess.java:188]|Time out
13:01:23 = COMMUNICATOR_CONNECTION_CLOSED|1532062883856|Warning|Connection Already has been Closed|removeIdleServerConnection[MainProcess.java:290]<-run[MainProcess.java:188]|Server Closed
13:01:23 = COMMUNICATOR_CONNECTION_CLOSED|1532062883856|Warning|Connection Already has been Closed|run[MainProcess.java:174]|Server[Remote Machine] Closed
13:01:37 = OTHERS|1532062897033|Warning|Unknow Reason Type|loadDepotCFG[CFGFile.java:1003]<-loadCFG[CFGFile.java:71]<-run[MainProcess.java:78]|java.lang.IllegalArgumentException: No enum constant BasicEnums.FileType.
13:04:44 = COMMUNICATOR_RUNNING_FAILED|1532063084655|Warning|Error Occurs in Running|run[ServerConnection.java:551]|java.lang.ClassCastException: Replies.Test cannot be cast to Replies.QueryMachine
13:04:46 = COMMON_TIME_OUT|1532063086656|Warning|Time Out|waitUntilConnectionIdle[Time.java:134]<-execute[SWRE.java:89]<-execute[SWRE.java:105]<-test[Manager.java:2655]<-test[Manager.java:2639]<-test[ClientConnection.java:652]<-removeIdleServerConnection[MainProcess.java:289]<-run[MainProcess.java:188]|waitTicks = 2000
13:04:46 = COMMUNICATOR_RECEIVE_FAILED|1532063086656|Warning|Receive Data Failed|execute[SWRE.java:90]<-execute[SWRE.java:105]<-test[Manager.java:2655]<-test[Manager.java:2639]<-test[ClientConnection.java:652]<-removeIdleServerConnection[MainProcess.java:289]<-run[MainProcess.java:188]|Time out
13:04:46 = COMMUNICATOR_CONNECTION_CLOSED|1532063086656|Warning|Connection Already has been Closed|removeIdleServerConnection[MainProcess.java:290]<-run[MainProcess.java:188]|Server Closed
13:04:46 = COMMUNICATOR_RUNNING_FAILED|1532063086657|Warning|Error Occurs in Running|run[ClientConnection.java:591]|ozxdno-server->ozxdno-depot: java.net.SocketException: Socket closed
13:04:46 = COMMUNICATOR_CONNECTION_CLOSED|1532063086658|Warning|Connection Already has been Closed|run[MainProcess.java:174]|Server[Remote Machine] Closed
13:41:25 = OTHERS|1532065285507|Warning|Unknow Reason Type|loadDepotCFG[CFGFile.java:1003]<-loadCFG[CFGFile.java:71]<-run[MainProcess.java:78]|java.lang.IllegalArgumentException: No enum constant BasicEnums.FileType.
13:41:36 = COMMUNICATOR_RUNNING_FAILED|1532065296015|Warning|Error Occurs in Running|run[ServerConnection.java:551]|java.lang.ClassCastException: Replies.Unsupport cannot be cast to Replies.QueryMachine
13:41:36 = OTHERS|1532065296026|Warning|Type of Reply is Wrong|test[Manager.java:2657]<-test[Manager.java:2639]<-test[ClientConnection.java:655]<-removeIdleServerConnection[MainProcess.java:289]<-run[MainProcess.java:188]|replyClass = QueryMachine
13:41:36 = COMMUNICATOR_CONNECTION_CLOSED|1532065296026|Warning|Connection Already has been Closed|removeIdleServerConnection[MainProcess.java:290]<-run[MainProcess.java:188]|Server Closed
13:41:36 = COMMUNICATOR_CONNECTION_CLOSED|1532065296037|Warning|Connection Already has been Closed|run[MainProcess.java:174]|Server[Remote Machine] Closed
13:55:42 = OTHERS|1532066142993|Warning|Unknow Reason Type|loadDepotCFG[CFGFile.java:1003]<-loadCFG[CFGFile.java:71]<-run[MainProcess.java:78]|java.lang.IllegalArgumentException: No enum constant BasicEnums.FileType.
13:57:49 = OTHERS|1532066269666|Warning|Type of Reply is Wrong|test[Manager.java:2657]<-test[Manager.java:2639]<-test[ClientConnection.java:655]<-removeIdleServerConnection[MainProcess.java:289]<-run[MainProcess.java:188]|replyClass = Unsupport
13:57:49 = COMMUNICATOR_CONNECTION_CLOSED|1532066269666|Warning|Connection Already has been Closed|removeIdleServerConnection[MainProcess.java:290]<-run[MainProcess.java:188]|Server Closed
13:57:49 = COMMUNICATOR_CONNECTION_CLOSED|1532066269676|Warning|Connection Already has been Closed|run[MainProcess.java:174]|Server[Remote Machine] Closed
