00:27:28 = WRONG_CFG_CONTENT|1530635248891|Error|the Content of CFG File have mistakes|loadDepotCFG[CFGFile.java:913]<-loadCFG[CFGFile.java:46]<-run[MainProcess.java:71]|ServerMachineIndex Not Equals to Server_MachineIndex
01:19:58 = EXECUTE_COMMAND_FAILED|1530638398867|Error|Execute Command Failed|loadDepotCFG[CFGFile.java:1072]<-loadCFG[CFGFile.java:46]<-run[MainProcess.java:71]|QueryMachine and UpdateMachine[This] Failed
01:53:31 = EXECUTE_COMMAND_FAILED|1530640411259|Error|Execute Command Failed|loadDepotCFG[CFGFile.java:1072]<-loadCFG[CFGFile.java:46]<-run[MainProcess.java:71]|QueryMachine and UpdateMachine[This] Failed
01:56:11 = EXECUTE_COMMAND_FAILED|1530640571850|Error|Execute Command Failed|loadDepotCFG[CFGFile.java:1072]<-loadCFG[CFGFile.java:46]<-run[MainProcess.java:71]|QueryMachine and UpdateMachine[This] Failed
02:00:27 = EXECUTE_COMMAND_FAILED|1530640827821|Error|Execute Command Failed|loadDepotCFG[CFGFile.java:1072]<-loadCFG[CFGFile.java:46]<-run[MainProcess.java:71]|QueryMachine and UpdateMachine[This] Failed
02:02:27 = RECEIVE_OVER_TIME|1530640947182|Error|Too long to Receive Info|execute[SWRE.java:88]<-execute[SWRE.java:102]<-actionPerformed[MainForm.java:174]|You can check Your net make sure you and Server in a same LAN
02:02:48 = COMMUNICATOR_CONNECTION_CLOSED|1530640968799|Error|Connection is Closed|run[MainProcess.java:147]|Server[Remote Machine] Closed
02:03:39 = COMMUNICATOR_CONNECTION_CLOSED|1530641019552|Error|Connection is Closed|run[MainProcess.java:147]|Server[Remote Machine] Closed
02:04:37 = RECEIVE_OVER_TIME|1530641077317|Error|Too long to Receive Info|execute[SWRE.java:88]<-execute[SWRE.java:102]<-actionPerformed[MainForm.java:174]|You can check Your net make sure you and Server in a same LAN
02:08:48 = CLIENT_CONNECTION_RUNNING_FAILED|1530641328301|Error|Error occurs in Client Connection Running|run[ClientConnection.java:473]|java.net.SocketException: Connection reset
02:08:48 = COMMUNICATOR_CONNECTION_CLOSED|1530641328302|Error|Connection is Closed|run[MainProcess.java:147]|Server[Remote Machine] Closed
02:10:24 = EXECUTE_COMMAND_FAILED|1530641424058|Error|Execute Command Failed|loadDepotCFG[CFGFile.java:1072]<-loadCFG[CFGFile.java:46]<-run[MainProcess.java:71]|QueryMachine and UpdateMachine[This] Failed
02:14:22 = RECEIVE_OVER_TIME|1530641662215|Error|Too long to Receive Info|execute[SWRE.java:88]<-execute[SWRE.java:102]<-loadDepotCFG[CFGFile.java:1069]<-loadCFG[CFGFile.java:46]<-run[MainProcess.java:71]|You can check Your net make sure you and Server in a same LAN
02:17:04 = RECEIVE_OVER_TIME|1530641824558|Error|Too long to Receive Info|execute[SWRE.java:88]<-execute[SWRE.java:102]<-loadDepotCFG[CFGFile.java:1069]<-loadCFG[CFGFile.java:46]<-run[MainProcess.java:71]|You can check Your net make sure you and Server in a same LAN
02:20:16 = COMMUNICATOR_CONNECTION_CLOSED|1530642016383|Error|Connection is Closed|run[MainProcess.java:147]|Server[Remote Machine] Closed
03:05:13 = RECEIVE_OVER_TIME|1530644713126|Error|Too long to Receive Info|execute[SWRE.java:88]<-execute[SWRE.java:102]<-actionPerformed[MainForm.java:190]|You can check Your net make sure you and Server in a same LAN
03:09:07 = CLIENT_CONNECTION_RUNNING_FAILED|1530644947829|Error|Error occurs in Client Connection Running|run[ClientConnection.java:473]|java.net.SocketException: Connection reset
03:09:07 = COMMUNICATOR_CONNECTION_CLOSED|1530644947829|Error|Connection is Closed|run[MainProcess.java:147]|Server[Remote Machine] Closed
03:37:08 = RECEIVE_OVER_TIME|1530646628701|Error|Too long to Receive Info|execute[SWRE.java:90]<-execute[SWRE.java:104]<-loadDepotCFG[CFGFile.java:1016]<-loadCFG[CFGFile.java:46]<-run[MainProcess.java:71]|You can check Your net make sure you and Server in a same LAN
03:39:00 = RECEIVE_OVER_TIME|1530646740340|Error|Too long to Receive Info|execute[SWRE.java:90]<-execute[SWRE.java:104]<-actionPerformed[MainForm.java:190]|You can check Your net make sure you and Server in a same LAN
03:41:40 = CLIENT_CONNECTION_RUNNING_FAILED|1530646900884|Error|Error occurs in Client Connection Running|run[ClientConnection.java:473]|java.net.SocketException: Connection reset
03:41:40 = COMMUNICATOR_CONNECTION_CLOSED|1530646900885|Error|Connection is Closed|run[MainProcess.java:147]|Server[Remote Machine] Closed
03:47:31 = RECEIVE_OVER_TIME|1530647251530|Error|Too long to Receive Info|execute[SWRE.java:90]<-execute[SWRE.java:104]<-actionPerformed[MainForm.java:190]|You can check Your net make sure you and Server in a same LAN
03:49:56 = CLIENT_CONNECTION_RUNNING_FAILED|1530647396510|Error|Error occurs in Client Connection Running|run[ClientConnection.java:473]|java.net.SocketException: Connection reset
03:49:56 = COMMUNICATOR_CONNECTION_CLOSED|1530647396510|Error|Connection is Closed|run[MainProcess.java:147]|Server[Remote Machine] Closed
03:50:58 = RECEIVE_OVER_TIME|1530647458905|Error|Too long to Receive Info|execute[SWRE.java:90]<-execute[SWRE.java:104]<-actionPerformed[MainForm.java:190]|You can check Your net make sure you and Server in a same LAN
03:53:15 = CLIENT_CONNECTION_RUNNING_FAILED|1530647595047|Error|Error occurs in Client Connection Running|run[ClientConnection.java:473]|java.net.SocketException: Connection reset
03:53:15 = COMMUNICATOR_CONNECTION_CLOSED|1530647595047|Error|Connection is Closed|run[MainProcess.java:147]|Server[Remote Machine] Closed
03:55:29 = RECEIVE_OVER_TIME|1530647729169|Error|Too long to Receive Info|execute[SWRE.java:90]<-execute[SWRE.java:104]<-actionPerformed[MainForm.java:190]|You can check Your net make sure you and Server in a same LAN
03:56:56 = CLIENT_CONNECTION_RUNNING_FAILED|1530647816720|Error|Error occurs in Client Connection Running|run[ClientConnection.java:473]|java.net.SocketException: Connection reset
03:56:56 = COMMUNICATOR_CONNECTION_CLOSED|1530647816720|Error|Connection is Closed|run[MainProcess.java:147]|Server[Remote Machine] Closed
03:57:51 = RECEIVE_OVER_TIME|1530647871722|Error|Too long to Receive Info|execute[SWRE.java:90]<-execute[SWRE.java:104]<-actionPerformed[MainForm.java:190]|You can check Your net make sure you and Server in a same LAN
03:59:48 = CLIENT_CONNECTION_RUNNING_FAILED|1530647988246|Error|Error occurs in Client Connection Running|run[ClientConnection.java:473]|java.net.SocketException: Connection reset
03:59:48 = COMMUNICATOR_CONNECTION_CLOSED|1530647988246|Error|Connection is Closed|run[MainProcess.java:147]|Server[Remote Machine] Closed
04:03:31 = BUILD_SOCKET_FAILED|1530648211635|Error|Build Socket Failed|setSocket[ClientConnection.java:204]<-loadDepotCFG[CFGFile.java:1006]<-loadCFG[CFGFile.java:46]<-run[MainProcess.java:71]|java.net.ConnectException: Connection refused: connect
04:09:48 = RECEIVE_OVER_TIME|1530648588781|Error|Too long to Receive Info|execute[SWRE.java:90]<-execute[SWRE.java:104]<-actionPerformed[MainForm.java:190]|You can check Your net make sure you and Server in a same LAN
04:10:38 = CLIENT_CONNECTION_RUNNING_FAILED|1530648638920|Error|Error occurs in Client Connection Running|run[ClientConnection.java:473]|java.net.SocketException: Connection reset
04:10:38 = COMMUNICATOR_CONNECTION_CLOSED|1530648638921|Error|Connection is Closed|run[MainProcess.java:147]|Server[Remote Machine] Closed
04:14:46 = BUILD_SOCKET_FAILED|1530648886877|Error|Build Socket Failed|setSocket[ClientConnection.java:204]<-loadDepotCFG[CFGFile.java:1006]<-loadCFG[CFGFile.java:46]<-run[MainProcess.java:71]|java.net.ConnectException: Connection refused: connect
04:50:24 = EXECUTE_COMMAND_FAILED|1530651024227|Error|Execute Command Failed|loadDepotCFG[CFGFile.java:1031]<-loadCFG[CFGFile.java:46]<-run[MainProcess.java:71]|QueryConfigurations Failed
04:50:56 = EXECUTE_COMMAND_FAILED|1530651056167|Error|Execute Command Failed|loadDepotCFG[CFGFile.java:1031]<-loadCFG[CFGFile.java:46]<-run[MainProcess.java:71]|QueryConfigurations Failed
04:52:53 = EXECUTE_COMMAND_FAILED|1530651173932|Error|Execute Command Failed|loadDepotCFG[CFGFile.java:1031]<-loadCFG[CFGFile.java:46]<-run[MainProcess.java:71]|QueryConfigurations Failed
11:29:20 = EXECUTE_COMMAND_FAILED|1530674960208|Error|Execute Command Failed|loadDepotCFG[CFGFile.java:1031]<-loadCFG[CFGFile.java:46]<-run[MainProcess.java:71]|QueryConfigurations Failed
11:40:46 = RECEIVE_OVER_TIME|1530675646702|Error|Too long to Receive Info|execute[SWRE.java:90]<-execute[SWRE.java:104]<-loadDepotCFG[CFGFile.java:1016]<-loadCFG[CFGFile.java:46]<-run[MainProcess.java:71]|You can check Your net make sure you and Server in a same LAN
11:44:30 = CLIENT_CONNECTION_RUNNING_FAILED|1530675870275|Error|Error occurs in Client Connection Running|run[ClientConnection.java:473]|java.net.SocketException: Connection reset
11:44:30 = COMMUNICATOR_CONNECTION_CLOSED|1530675870275|Error|Connection is Closed|run[MainProcess.java:147]|Server[Remote Machine] Closed
12:09:54 = COMMUNICATOR_CONNECTION_CLOSED|1530677394531|Error|Connection is Closed|run[MainProcess.java:147]|Server[Remote Machine] Closed
12:14:34 = COMMUNICATOR_CONNECTION_CLOSED|1530677674188|Error|Connection is Closed|run[MainProcess.java:147]|Server[Remote Machine] Closed
12:15:56 = COMMUNICATOR_CONNECTION_CLOSED|1530677756137|Error|Connection is Closed|run[MainProcess.java:147]|Server[Remote Machine] Closed
12:27:46 = COMMUNICATOR_CONNECTION_CLOSED|1530678466917|Error|Connection is Closed|run[MainProcess.java:147]|Server[Remote Machine] Closed
12:33:52 = COMMUNICATOR_CONNECTION_CLOSED|1530678832716|Error|Connection is Closed|run[MainProcess.java:147]|Server[Remote Machine] Closed
12:42:31 = COMMUNICATOR_CONNECTION_CLOSED|1530679351534|Error|Connection is Closed|run[MainProcess.java:147]|Server[Remote Machine] Closed
12:53:46 = COMMUNICATOR_CONNECTION_CLOSED|1530680026908|Error|Connection is Closed|run[MainProcess.java:147]|Server[Remote Machine] Closed
13:45:37 = COMMUNICATOR_CONNECTION_CLOSED|1530683137356|Error|Connection is Closed|run[MainProcess.java:147]|Server[Remote Machine] Closed
13:59:04 = CLIENT_CONNECTION_RUNNING_FAILED|1530683944229|Error|Error occurs in Client Connection Running|run[ClientConnection.java:473]|java.net.SocketException: Connection reset
13:59:04 = COMMUNICATOR_CONNECTION_CLOSED|1530683944229|Error|Connection is Closed|run[MainProcess.java:147]|Server[Remote Machine] Closed
14:02:55 = RECEIVE_OVER_TIME|1530684175776|Error|Too long to Receive Info|execute[SWRE.java:90]<-execute[SWRE.java:104]<-actionPerformed[MainForm.java:212]|You can check Your net make sure you and Server in a same LAN
14:05:14 = CLIENT_CONNECTION_RUNNING_FAILED|1530684314915|Error|Error occurs in Client Connection Running|run[ClientConnection.java:473]|java.net.SocketException: Connection reset
14:05:14 = COMMUNICATOR_CONNECTION_CLOSED|1530684314915|Error|Connection is Closed|run[MainProcess.java:147]|Server[Remote Machine] Closed
14:17:07 = COMMUNICATOR_CONNECTION_CLOSED|1530685027135|Error|Connection is Closed|run[MainProcess.java:147]|Server[Remote Machine] Closed
14:20:38 = COMMUNICATOR_CONNECTION_CLOSED|1530685238995|Error|Connection is Closed|run[MainProcess.java:147]|Server[Remote Machine] Closed
14:23:25 = COMMUNICATOR_CONNECTION_CLOSED|1530685405656|Error|Connection is Closed|run[MainProcess.java:147]|Server[Remote Machine] Closed
14:31:45 = COMMUNICATOR_CONNECTION_CLOSED|1530685905324|Error|Connection is Closed|run[MainProcess.java:147]|Server[Remote Machine] Closed
14:37:03 = SEND_OVER_TIME|1530686223449|Error|Too long to Send Info|execute[SWRE.java:84]<-execute[SWRE.java:104]<-execute[LoginUser.java:94]<-execute[Executor.java:45]<-execute[ServerExecutor.java:15]<-run[ServerConnection.java:381]|You can check Your net make sure you and Server in a same LAN
14:37:03 = EXECUTE_COMMAND_FAILED|1530686223449|Error|Execute Command Failed|execute[LoginUser.java:96]<-execute[Executor.java:45]<-execute[ServerExecutor.java:15]<-run[ServerConnection.java:381]|Reply of QueryUser is NULL
14:37:29 = SERVER_CONNECTION_RUNNING_FAILED|1530686249385|Error|Error occurs in Server Connection Running|run[ServerConnection.java:449]|java.net.SocketException: Connection reset
14:37:33 = CLIENT_CONNECTION_RUNNING_FAILED|1530686253844|Error|Error occurs in Client Connection Running|run[ClientConnection.java:473]|java.net.SocketException: Connection reset
14:37:33 = COMMUNICATOR_CONNECTION_CLOSED|1530686253844|Error|Connection is Closed|run[MainProcess.java:147]|Server[Remote Machine] Closed
14:40:52 = BUILD_SOCKET_FAILED|1530686452943|Error|Build Socket Failed|setSocket[ClientConnection.java:204]<-loadDepotCFG[CFGFile.java:1006]<-loadCFG[CFGFile.java:46]<-run[MainProcess.java:71]|java.net.ConnectException: Connection refused: connect
14:42:26 = RECEIVE_OVER_TIME|1530686546482|Error|Too long to Receive Info|execute[SWRE.java:90]<-execute[SWRE.java:104]<-actionPerformed[MainForm.java:212]|You can check Your net make sure you and Server in a same LAN
14:43:59 = SEND_OVER_TIME|1530686639663|Error|Too long to Send Info|execute[SWRE.java:84]<-execute[SWRE.java:104]<-execute[LoginUser.java:94]<-execute[Executor.java:45]<-execute[ServerExecutor.java:15]<-run[ServerConnection.java:381]|You can check Your net make sure you and Server in a same LAN
14:43:59 = EXECUTE_COMMAND_FAILED|1530686639663|Error|Execute Command Failed|execute[LoginUser.java:96]<-execute[Executor.java:45]<-execute[ServerExecutor.java:15]<-run[ServerConnection.java:381]|Reply of QueryUser is NULL
14:44:48 = CLIENT_CONNECTION_RUNNING_FAILED|1530686688489|Error|Error occurs in Client Connection Running|run[ClientConnection.java:473]|java.net.SocketException: Connection reset
14:44:48 = COMMUNICATOR_CONNECTION_CLOSED|1530686688489|Error|Connection is Closed|run[MainProcess.java:147]|Server[Remote Machine] Closed
14:51:03 = RECEIVE_OVER_TIME|1530687063948|Error|Too long to Receive Info|execute[SWRE.java:90]<-execute[SWRE.java:104]<-actionPerformed[MainForm.java:212]|You can check Your net make sure you and Server in a same LAN
14:52:26 = SEND_OVER_TIME|1530687146325|Error|Too long to Send Info|execute[SWRE.java:84]<-execute[SWRE.java:104]<-execute[LoginUser.java:94]<-execute[Executor.java:45]<-execute[ServerExecutor.java:15]<-run[ServerConnection.java:381]|You can check Your net make sure you and Server in a same LAN
14:52:26 = EXECUTE_COMMAND_FAILED|1530687146325|Error|Execute Command Failed|execute[LoginUser.java:96]<-execute[Executor.java:45]<-execute[ServerExecutor.java:15]<-run[ServerConnection.java:381]|Reply of QueryUser is NULL
14:53:32 = SERVER_CONNECTION_RUNNING_FAILED|1530687212151|Error|Error occurs in Server Connection Running|run[ServerConnection.java:449]|java.net.SocketException: Connection reset
14:53:32 = COMMUNICATOR_CONNECTION_CLOSED|1530687212152|Error|Connection is Closed|run[MainProcess.java:147]|Server[Remote Machine] Closed
15:12:23 = RECEIVE_OVER_TIME|1530688343832|Error|Too long to Receive Info|execute[SWRE.java:90]<-execute[SWRE.java:104]<-loadDepotCFG[CFGFile.java:1044]<-loadCFG[CFGFile.java:46]<-run[MainProcess.java:71]|You can check Your net make sure you and Server in a same LAN
15:15:22 = RECEIVE_OVER_TIME|1530688522917|Error|Too long to Receive Info|execute[SWRE.java:90]<-execute[SWRE.java:104]<-loadDepotCFG[CFGFile.java:1044]<-loadCFG[CFGFile.java:46]<-run[MainProcess.java:71]|You can check Your net make sure you and Server in a same LAN
15:29:37 = RECEIVE_OVER_TIME|1530689377077|Error|Too long to Receive Info|execute[SWRE.java:90]<-execute[SWRE.java:104]<-actionPerformed[MainForm.java:212]|You can check Your net make sure you and Server in a same LAN
15:30:45 = CLIENT_CONNECTION_RUNNING_FAILED|1530689445266|Error|Error occurs in Client Connection Running|run[ClientConnection.java:473]|java.net.SocketException: Connection reset
15:30:45 = COMMUNICATOR_CONNECTION_CLOSED|1530689445266|Error|Connection is Closed|run[MainProcess.java:147]|Server[Remote Machine] Closed
15:46:04 = RECEIVE_OVER_TIME|1530690364448|Error|Too long to Receive Info|execute[SWRE.java:90]<-execute[SWRE.java:104]<-actionPerformed[MainForm.java:212]|You can check Your net make sure you and Server in a same LAN
15:46:28 = SEND_OVER_TIME|1530690388289|Error|Too long to Send Info|execute[SWRE.java:84]<-execute[SWRE.java:104]<-actionPerformed[MainForm.java:212]|You can check Your net make sure you and Server in a same LAN
15:46:32 = SEND_OVER_TIME|1530690392229|Error|Too long to Send Info|execute[SWRE.java:84]<-execute[SWRE.java:104]<-actionPerformed[MainForm.java:212]|You can check Your net make sure you and Server in a same LAN
15:46:34 = SEND_OVER_TIME|1530690394166|Error|Too long to Send Info|execute[SWRE.java:84]<-execute[SWRE.java:104]<-actionPerformed[MainForm.java:212]|You can check Your net make sure you and Server in a same LAN
15:47:00 = SEND_OVER_TIME|1530690420332|Error|Too long to Send Info|execute[SWRE.java:84]<-execute[SWRE.java:104]<-actionPerformed[MainForm.java:212]|You can check Your net make sure you and Server in a same LAN
15:47:03 = SEND_OVER_TIME|1530690423492|Error|Too long to Send Info|execute[SWRE.java:84]<-execute[SWRE.java:104]<-actionPerformed[MainForm.java:212]|You can check Your net make sure you and Server in a same LAN
15:47:07 = CLIENT_CONNECTION_RUNNING_FAILED|1530690427447|Error|Error occurs in Client Connection Running|run[ClientConnection.java:473]|java.net.SocketException: Connection reset
15:47:07 = COMMUNICATOR_CONNECTION_CLOSED|1530690427447|Error|Connection is Closed|run[MainProcess.java:147]|Server[Remote Machine] Closed
19:47:22 = RECEIVE_OVER_TIME|1530704842124|Error|Too long to Receive Info|execute[SWRE.java:90]<-execute[SWRE.java:105]<-actionPerformed[MainForm.java:240]|You can check Your net make sure you and Server in a same LAN
19:47:31 = CLIENT_CONNECTION_RUNNING_FAILED|1530704851167|Error|Error occurs in Client Connection Running|run[ClientConnection.java:469]|java.net.SocketException: Connection reset
19:47:31 = COMMUNICATOR_CONNECTION_CLOSED|1530704851167|Error|Connection is Closed|run[MainProcess.java:147]|Server[Remote Machine] Closed
19:53:41 = COMMUNICATOR_CONNECTION_CLOSED|1530705221963|Error|Connection is Closed|run[MainProcess.java:147]|Server[Remote Machine] Closed
20:00:59 = COMMUNICATOR_CONNECTION_CLOSED|1530705659055|Error|Connection is Closed|run[MainProcess.java:147]|Server[Remote Machine] Closed
20:04:16 = COMMUNICATOR_CONNECTION_CLOSED|1530705856457|Error|Connection is Closed|run[MainProcess.java:147]|Server[Remote Machine] Closed
20:10:19 = COMMUNICATOR_CONNECTION_CLOSED|1530706219493|Error|Connection is Closed|run[MainProcess.java:147]|Server[Remote Machine] Closed
20:11:00 = COMMUNICATOR_CONNECTION_CLOSED|1530706260246|Error|Connection is Closed|run[MainProcess.java:147]|Server[Remote Machine] Closed
20:11:46 = COMMUNICATOR_CONNECTION_CLOSED|1530706306217|Error|Connection is Closed|run[MainProcess.java:147]|Server[Remote Machine] Closed
20:12:58 = COMMUNICATOR_CONNECTION_CLOSED|1530706378164|Error|Connection is Closed|run[MainProcess.java:147]|Server[Remote Machine] Closed
