00:16:15 = SEND_OVER_TIME|1530288975242|Error|Too long to Send Info|Login Failed|You can check Your net make sure you and Server in a same LAN
00:18:44 = SEND_OVER_TIME|1530289124680|Error|Too long to Send Info|Login Failed|You can check Your net make sure you and Server in a same LAN
00:30:58 = UNKNOW|1530289858625|Error|Unknow|Login Failed|java.lang.NullPointerException
01:04:14 = RECEIVE_OVER_TIME|1530291854914|Error|Too long to Receive Info|Login Failed|You can check Your net make sure you and Server in a same LAN
01:04:37 = RECEIVE_OVER_TIME|1530291877230|Error|Too long to Receive Info|Login Failed|You can check Your net make sure you and Server in a same LAN
01:20:11 = UNKNOW|1530292811209|Error|Unknow|QueryUser Failed|java.lang.ClassCastException: Replies.QueryConfigurations cannot be cast to Replies.QueryUser
01:20:33 = UNKNOW|1530292833135|Error|Unknow|QueryUser Failed|java.lang.ClassCastException: Replies.QueryConfigurations cannot be cast to Replies.QueryUser
01:20:44 = UNKNOW|1530292844568|Error|Unknow|QueryUser Failed|java.lang.ClassCastException: Replies.QueryConfigurations cannot be cast to Replies.QueryUser
01:23:15 = RECEIVE_OVER_TIME|1530292995574|Error|Too long to Receive Info|QueryUser Failed|You can check Your net make sure you and Server in a same LAN
01:37:25 = RECEIVE_OVER_TIME|1530293845592|Error|Too long to Receive Info|QueryUser Failed|You can check Your net make sure you and Server in a same LAN
01:38:44 = RECEIVE_OVER_TIME|1530293924769|Error|Too long to Receive Info|Login Failed|You can check Your net make sure you and Server in a same LAN
01:40:14 = RECEIVE_OVER_TIME|1530294014220|Error|Too long to Receive Info|Login Failed|You can check Your net make sure you and Server in a same LAN
02:43:30 = SEND_OVER_TIME|1530297810063|Error|Too long to Send Info|RemoveDepots Failed|You can check Your net make sure you and Server in a same LAN
02:43:59 = SEND_OVER_TIME|1530297839528|Error|Too long to Send Info|RemoveDepots Failed|You can check Your net make sure you and Server in a same LAN
03:19:55 = DB_OPERATION_FAILED|1530299995869|Error|Operate DataBase Failed||com.mysql.jdbc.exceptions.MySQLSyntaxErrorException: Unknown table 'depot_a.folders'
03:20:32 = DB_OPERATION_FAILED|1530300032916|Error|Operate DataBase Failed||com.mysql.jdbc.exceptions.MySQLSyntaxErrorException: Unknown table 'depot_a.folders'
03:44:50 = EXECUTE_COMMAND_FAILED|1530301490830|Error|Execute Command Failed|Command: LoginUser = -1|123|-1|-1|-1|ozxdno|Wrong User Index, Not Exist such User Index
03:45:46 = EXECUTE_COMMAND_FAILED|1530301546028|Error|Execute Command Failed|Command: LoginUser = -1|123|-1|-1|-1|ozxdno|Wrong User Index, Not Exist such User Index
03:50:58 = RECEIVE_OVER_TIME|1530301858001|Error|Too long to Receive Info|QueryUser Failed|You can check Your net make sure you and Server in a same LAN
03:51:07 = EXECUTE_COMMAND_FAILED|1530301867854|Error|Execute Command Failed|Command: QueryMachine = 1|ani1357658uiu|-1|-1|-1|Index|0|0|0|Not Exist
03:51:08 = RECEIVE_OVER_TIME|1530301868856|Error|Too long to Receive Info|UpdateMachine[This] Failed|You can check Your net make sure you and Server in a same LAN
03:52:30 = EXECUTE_COMMAND_FAILED|1530301950447|Error|Execute Command Failed|Command: QueryMachine = 1|ani1357658uiu|-1|-1|-1|Index|0|0|0|Not Exist
03:52:31 = RECEIVE_OVER_TIME|1530301951448|Error|Too long to Receive Info|UpdateMachine[This] Failed|You can check Your net make sure you and Server in a same LAN
04:05:38 = SEND_OVER_TIME|1530302738833|Error|Too long to Send Info|Login Failed|You can check Your net make sure you and Server in a same LAN
04:05:57 = SEND_OVER_TIME|1530302757733|Error|Too long to Send Info|Login Failed|You can check Your net make sure you and Server in a same LAN
04:06:19 = SEND_OVER_TIME|1530302779783|Error|Too long to Send Info|Login Failed|You can check Your net make sure you and Server in a same LAN
04:06:47 = SEND_OVER_TIME|1530302807662|Error|Too long to Send Info|Login Failed|You can check Your net make sure you and Server in a same LAN
04:09:52 = SEND_OVER_TIME|1530302992036|Error|Too long to Send Info|Login Failed|You can check Your net make sure you and Server in a same LAN
04:12:42 = SEND_OVER_TIME|1530303162083|Error|Too long to Send Info|Login Failed|You can check Your net make sure you and Server in a same LAN
04:20:32 = EXECUTE_COMMAND_FAILED|1530303632707|Error|Execute Command Failed|Command: QueryMachine = 1|ani1357658uiu|-1|-1|-1|Index|0|0|0|Not Exist
04:24:18 = WRONG_CFG_CONTENT|1530303858433|Error|the Content of CFG File have mistakes|No UserLoginName in CFG File|Not Found line: UserLoginName = XXXXX in CFG File, You can add it eg: UserLoginName = ozxdno
15:27:09 = BUILD_SOCKET_FAILED|1530343629574|Error|Build Socket Failed|ErrorType.java->BasicEnums.ErrorType->getError->Line: 33|java.net.ConnectException: Connection refused: connect
15:27:09 = CONNECT_SERVER_FAILED|1530343629775|Error|Cannot connect to Server|ErrorType.java->BasicEnums.ErrorType->getError->Line: 33|Connect Failed , You can check ServerMachineInfo and MachineInfo in CFG File
15:36:45 = BUILD_SOCKET_FAILED|1530344205823|Error|Build Socket Failed|Communicator.ClientConnection.setSocket(ClientConnection.java:185)->Tools.CFGFile.loadDepotCFG(CFGFile.java:936)->Tools.CFGFile.loadCFG(CFGFile.java:42)->Processes.MainProcess.run(MainProcess.java:71)|java.net.ConnectException: Connection refused: connect
15:36:46 = CONNECT_SERVER_FAILED|1530344206023|Error|Cannot connect to Server|Tools.CFGFile.loadDepotCFG(CFGFile.java:940)->Tools.CFGFile.loadCFG(CFGFile.java:42)->Processes.MainProcess.run(MainProcess.java:71)|Connect Failed , You can check ServerMachineInfo and MachineInfo in CFG File
15:40:42 = BUILD_SOCKET_FAILED|1530344442679|Error|Build Socket Failed|setSocket(Communicator.ClientConnection line:185)->loadDepotCFG(Tools.CFGFile line:936)->loadCFG(Tools.CFGFile line:42)->run(Processes.MainProcess line:71)|java.net.ConnectException: Connection refused: connect
15:40:53 = CONNECT_SERVER_FAILED|1530344453426|Error|Cannot connect to Server|loadDepotCFG(Tools.CFGFile line:940)->loadCFG(Tools.CFGFile line:42)->run(Processes.MainProcess line:71)|Connect Failed , You can check ServerMachineInfo and MachineInfo in CFG File
15:41:10 = BUILD_SOCKET_FAILED|1530344470938|Error|Build Socket Failed|setSocket(Communicator.ClientConnection:185)->loadDepotCFG(Tools.CFGFile:936)->loadCFG(Tools.CFGFile:42)->run(Processes.MainProcess:71)|java.net.ConnectException: Connection refused: connect
15:41:11 = CONNECT_SERVER_FAILED|1530344471140|Error|Cannot connect to Server|loadDepotCFG(Tools.CFGFile:940)->loadCFG(Tools.CFGFile:42)->run(Processes.MainProcess:71)|Connect Failed , You can check ServerMachineInfo and MachineInfo in CFG File
15:42:49 = BUILD_SOCKET_FAILED|1530344569223|Error|Build Socket Failed|setSocket(ClientConnection.java:185)->loadDepotCFG(CFGFile.java:936)->loadCFG(CFGFile.java:42)->run(MainProcess.java:71)|java.net.ConnectException: Connection refused: connect
15:42:49 = CONNECT_SERVER_FAILED|1530344569425|Error|Cannot connect to Server|loadDepotCFG(CFGFile.java:940)->loadCFG(CFGFile.java:42)->run(MainProcess.java:71)|Connect Failed , You can check ServerMachineInfo and MachineInfo in CFG File
15:43:57 = BUILD_SOCKET_FAILED|1530344637881|Error|Build Socket Failed|setSocket[ClientConnection.java:185]<-loadDepotCFG[CFGFile.java:936]<-loadCFG[CFGFile.java:42]<-run[MainProcess.java:71]|java.net.ConnectException: Connection refused: connect
15:43:58 = CONNECT_SERVER_FAILED|1530344638083|Error|Cannot connect to Server|loadDepotCFG[CFGFile.java:940]<-loadCFG[CFGFile.java:42]<-run[MainProcess.java:71]|Connect Failed , You can check ServerMachineInfo and MachineInfo in CFG File
15:50:16 = EXECUTE_COMMAND_FAILED|1530345016462|Error|Execute Command Failed|loadDepotCFG[CFGFile.java:1417]<-loadCFG[CFGFile.java:42]<-run[MainProcess.java:71]|Load Depot CFG, Add DataBase, QueryDepot , Depot Existed
16:04:40 = WRONG_CFG_CONTENT|1530345880088|Error|the Content of CFG File have mistakes|<-getError[ErrorType.java:39]<-getError[ErrorType.java:36]<-register[ErrorType.java:213]<-loadCFG[CFGFile.java:33]<-run[MainProcess.java:71]|Wrong StartType, No such StartType: Depott
16:06:06 = WRONG_CFG_CONTENT|1530345966378|Error|the Content of CFG File have mistakes|<-loadCFG[CFGFile.java:33]<-run[MainProcess.java:71]|Wrong StartType, No such StartType: Depott
16:07:05 = WRONG_CFG_CONTENT|1530346025010|Error|the Content of CFG File have mistakes|loadCFG[CFGFile.java:33]<-run[MainProcess.java:71]|Wrong StartType, No such StartType: Depott
16:09:36 = WRONG_CFG_CONTENT|1530346176684|Error|the Content of CFG File have mistakes|loadCFG[CFGFile.java:33]<-run[MainProcess.java:71]|Wrong StartType, No such StartType: Depott
16:24:20 = EXECUTE_COMMAND_FAILED|1530347060701|Error|Execute Command Failed|loadDepotCFG[CFGFile.java:1417]<-loadCFG[CFGFile.java:42]<-run[MainProcess.java:71]|Load Depot CFG, Add DataBase, QueryDepot , Depot Existed
16:37:57 = RECEIVE_OVER_TIME|1530347877459|Error|Too long to Receive Info|loadDepotCFG[CFGFile.java:1305]<-loadCFG[CFGFile.java:42]<-run[MainProcess.java:71]|QueryDataBases Failed , You can check Your net make sure you and Server in a same LAN
16:40:24 = RECEIVE_OVER_TIME|1530348024599|Error|Too long to Receive Info|loadDepotCFG[CFGFile.java:1305]<-loadCFG[CFGFile.java:42]<-run[MainProcess.java:71]|QueryDataBases Failed , You can check Your net make sure you and Server in a same LAN
16:48:52 = EXECUTE_COMMAND_FAILED|1530348532716|Error|Execute Command Failed|loadDepotCFG[CFGFile.java:1417]<-loadCFG[CFGFile.java:42]<-run[MainProcess.java:71]|Depot Existed
17:06:25 = RECEIVE_OVER_TIME|1530349585936|Error|Too long to Receive Info|loadDepotCFG[CFGFile.java:1263]<-loadCFG[CFGFile.java:42]<-run[MainProcess.java:71]|QueryDepots Failed , You can check Your net make sure you and Server in a same LAN
17:07:29 = RECEIVE_OVER_TIME|1530349649167|Error|Too long to Receive Info|loadDepotCFG[CFGFile.java:1263]<-loadCFG[CFGFile.java:42]<-run[MainProcess.java:71]|QueryDepots Failed , You can check Your net make sure you and Server in a same LAN
17:14:30 = RECEIVE_OVER_TIME|1530350070416|Error|Too long to Receive Info|loadDepotCFG[CFGFile.java:1263]<-loadCFG[CFGFile.java:42]<-run[MainProcess.java:71]|QueryDepots Failed , You can check Your net make sure you and Server in a same LAN
20:54:23 = BUILD_SOCKET_FAILED|1530363263300|Error|Build Socket Failed|setSocket[ClientConnection.java:185]<-loadDepotCFG[CFGFile.java:936]<-loadCFG[CFGFile.java:42]<-run[MainProcess.java:71]|java.net.ConnectException: Connection refused: connect
20:54:23 = CONNECT_SERVER_FAILED|1530363263500|Error|Cannot connect to Server|loadDepotCFG[CFGFile.java:940]<-loadCFG[CFGFile.java:42]<-run[MainProcess.java:71]|Connect Failed , You can check ServerMachineInfo and MachineInfo in CFG File
22:24:24 = DB_OPERATION_FAILED|1530368664492|Error|Operate DataBase Failed|deleteTable[SQLManager.java:403]<-deleteTable_Folders[SQLManager.java:414]<-deleteDepotTables[SQLManager.java:389]<-deleteDepotTables[DBManager.java:113]<-loadServerCFG[CFGFile.java:523]<-loadCFG[CFGFile.java:39]<-run[MainProcess.java:71]|com.mysql.jdbc.exceptions.MySQLSyntaxErrorException: Unknown table 'depot_a.folders'
22:52:03 = DB_OPERATION_FAILED|1530370323383|Error|Operate DataBase Failed|deleteTable[SQLManager.java:403]<-deleteTable_Folders[SQLManager.java:414]<-deleteDepotTables[SQLManager.java:389]<-deleteDepotTables[DBManager.java:113]<-loadServerCFG[CFGFile.java:523]<-loadCFG[CFGFile.java:39]<-run[MainProcess.java:71]|com.mysql.jdbc.exceptions.MySQLSyntaxErrorException: Unknown table 'depot_a.folders'
23:42:32 = READ_FILE_FAILED|1530373352367|Error|Read File Failed|load[Text.java:79]<-loadFolders[TXTManager.java:2392]<-QueryFolders[TXTManager.java:267]<-QueryFolders[DBManager.java:143]<-checkFoldersAndFiles[DepotChecker.java:71]<-check[DepotChecker.java:57]<-run[MainProcess.java:88]|java.io.FileNotFoundException: D:\Space_For_Project\FileManagerX\Server\Windows_Java\dbs\Folders.txt (系统找不到指定的文件。)
23:42:32 = READ_FILE_FAILED|1530373352369|Error|Read File Failed|load[Text.java:79]<-loadFiles[TXTManager.java:2404]<-QueryFiles[TXTManager.java:451]<-QueryFiles[DBManager.java:146]<-checkFoldersAndFiles[DepotChecker.java:72]<-check[DepotChecker.java:57]<-run[MainProcess.java:88]|java.io.FileNotFoundException: D:\Space_For_Project\FileManagerX\Server\Windows_Java\dbs\Files.txt (系统找不到指定的文件。)
