00:47:56 = WRONG_CONFIGURATIONS_INDEX|1530377276437|Error|One or More Index in Configurations is Wrong|loadServerCFG[CFGFile.java:303]<-loadCFG[CFGFile.java:39]<-run[MainProcess.java:71]|
00:50:39 = WRONG_CONFIGURATIONS_INDEX|1530377439235|Error|One or More Index in Configurations is Wrong|loadServerCFG[CFGFile.java:303]<-loadCFG[CFGFile.java:39]<-run[MainProcess.java:71]|
00:53:41 = WRONG_CONFIGURATIONS_INDEX|1530377621105|Error|One or More Index in Configurations is Wrong|loadServerCFG[CFGFile.java:303]<-loadCFG[CFGFile.java:39]<-run[MainProcess.java:71]|You should clear Server DataBase
04:31:27 = SEND_OVER_TIME|1530390687237|Error|Too long to Send Info|execute[SWRE.java:72]<-execute[SWRE.java:91]<-loadDepotCFG[CFGFile.java:1080]<-loadCFG[CFGFile.java:42]<-run[MainProcess.java:71]|You can check Your net make sure you and Server in a same LAN
04:38:05 = SEND_OVER_TIME|1530391085503|Error|Too long to Send Info|execute[SWRE.java:72]<-execute[SWRE.java:91]<-loadDepotCFG[CFGFile.java:1068]<-loadCFG[CFGFile.java:42]<-run[MainProcess.java:71]|You can check Your net make sure you and Server in a same LAN
04:54:38 = BUILD_SOCKET_FAILED|1530392078912|Error|Build Socket Failed|setSocket[ClientConnection.java:185]<-loadDepotCFG[CFGFile.java:908]<-loadCFG[CFGFile.java:42]<-run[MainProcess.java:71]|java.net.ConnectException: Connection refused: connect
05:21:00 = READ_FILE_FAILED|1530393660443|Error|Read File Failed|load[Text.java:79]<-loadFolders[TXTManager.java:2381]<-QueryFolders[TXTManager.java:267]<-QueryFolders[DBManager.java:143]<-checkFoldersAndFiles[DepotChecker.java:71]<-check[DepotChecker.java:57]<-run[MainProcess.java:88]|java.io.FileNotFoundException: D:\Space_For_Project\FileManagerX\Server\Windows_Java\SQL\Folders.txt (系统找不到指定的路径。)
05:21:00 = READ_FILE_FAILED|1530393660445|Error|Read File Failed|load[Text.java:79]<-loadFiles[TXTManager.java:2393]<-QueryFiles[TXTManager.java:451]<-QueryFiles[DBManager.java:146]<-checkFoldersAndFiles[DepotChecker.java:72]<-check[DepotChecker.java:57]<-run[MainProcess.java:88]|java.io.FileNotFoundException: D:\Space_For_Project\FileManagerX\Server\Windows_Java\SQL\Files.txt (系统找不到指定的路径。)
05:21:00 = WRITE_FILE_FAILED|1530393660580|Error|Write File Failed|saveAs[Text.java:97]<-save[Text.java:84]<-disconnect[TXTManager.java:86]<-disconnect[DBManager.java:71]<-run[MainProcess.java:120]|java.io.FileNotFoundException: D:\Space_For_Project\FileManagerX\Server\Windows_Java\SQL\Folders.txt (系统找不到指定的路径。)
05:21:00 = WRITE_FILE_FAILED|1530393660580|Error|Write File Failed|saveAs[Text.java:97]<-save[Text.java:84]<-disconnect[TXTManager.java:93]<-disconnect[DBManager.java:71]<-run[MainProcess.java:120]|java.io.FileNotFoundException: D:\Space_For_Project\FileManagerX\Server\Windows_Java\SQL\Files.txt (系统找不到指定的路径。)
05:26:25 = DB_OPERATION_FAILED|1530393985421|Error|Operate DataBase Failed|deleteTable[SQLManager.java:403]<-deleteTable_Folders[SQLManager.java:414]<-deleteDepotTables[SQLManager.java:389]<-deleteDepotTables[DBManager.java:113]<-loadDepotCFG[CFGFile.java:1251]<-loadCFG[CFGFile.java:42]<-run[MainProcess.java:71]|com.mysql.jdbc.exceptions.MySQLSyntaxErrorException: Unknown table 'depot_c.folders'
12:04:06 = WRONG_CONFIGURATIONS_INDEX|1530417846134|Error|One or More Index in Configurations is Wrong|loadServerCFG[CFGFile.java:307]<-loadCFG[CFGFile.java:41]<-run[MainProcess.java:71]|You should clear Server DataBase
13:19:15 = DB_OPERATION_FAILED|1530422355765|Error|Operate DataBase Failed|deleteTable[SQLManager.java:403]<-deleteTable_Folders[SQLManager.java:414]<-deleteDepotTables[SQLManager.java:389]<-deleteDepotTables[DBManager.java:113]<-loadServerCFG[CFGFile.java:545]<-loadCFG[CFGFile.java:41]<-run[MainProcess.java:71]|com.mysql.jdbc.exceptions.MySQLSyntaxErrorException: Unknown table 'depot_g.folders'
13:35:41 = SEND_OVER_TIME|1530423341219|Error|Too long to Send Info|execute[SWRE.java:72]<-execute[SWRE.java:91]<-loadDepotCFG[CFGFile.java:1095]<-loadCFG[CFGFile.java:44]<-run[MainProcess.java:71]|You can check Your net make sure you and Server in a same LAN
13:38:03 = SEND_OVER_TIME|1530423483549|Error|Too long to Send Info|execute[SWRE.java:72]<-execute[SWRE.java:91]<-loadDepotCFG[CFGFile.java:1095]<-loadCFG[CFGFile.java:44]<-run[MainProcess.java:71]|You can check Your net make sure you and Server in a same LAN
13:49:21 = RECEIVE_OVER_TIME|1530424161223|Error|Too long to Receive Info|execute[SWRE.java:78]<-execute[SWRE.java:91]<-loadDepotCFG[CFGFile.java:934]<-loadCFG[CFGFile.java:44]<-run[MainProcess.java:71]|You can check Your net make sure you and Server in a same LAN
14:10:28 = UNKNOW|1530425428271|Error|Unknow|execute[SWRE.java:89]<-loadDepotCFG[CFGFile.java:934]<-loadCFG[CFGFile.java:44]<-run[MainProcess.java:71]|Connection is NULL or Executor is NULL or ActiveExecutor is False
14:12:59 = RECEIVE_OVER_TIME|1530425579982|Error|Too long to Receive Info|execute[SWRE.java:79]<-execute[SWRE.java:93]<-loadDepotCFG[CFGFile.java:1083]<-loadCFG[CFGFile.java:44]<-run[MainProcess.java:71]|You can check Your net make sure you and Server in a same LAN
16:10:29 = RECEIVE_OVER_TIME|1530432629720|Error|Too long to Receive Info|execute[SWRE.java:79]<-execute[SWRE.java:93]<-loadDepotCFG[CFGFile.java:1083]<-loadCFG[CFGFile.java:44]<-run[MainProcess.java:71]|You can check Your net make sure you and Server in a same LAN
16:11:26 = CLIENT_CONNECTION_RUNNING_FAILED|1530432686492|Error|Error occurs in Client Connection Running|run[ClientConnection.java:419]|java.lang.StringIndexOutOfBoundsException: String index out of range: 4
16:20:23 = RECEIVE_OVER_TIME|1530433223064|Error|Too long to Receive Info|execute[SWRE.java:79]<-execute[SWRE.java:93]<-loadDepotCFG[CFGFile.java:934]<-loadCFG[CFGFile.java:44]<-run[MainProcess.java:71]|You can check Your net make sure you and Server in a same LAN
18:01:19 = RECEIVE_OVER_TIME|1530439279603|Error|Too long to Receive Info|execute[SWRE.java:88]<-execute[SWRE.java:102]<-loadDepotCFG[CFGFile.java:934]<-loadCFG[CFGFile.java:44]<-run[MainProcess.java:71]|You can check Your net make sure you and Server in a same LAN
18:05:39 = RECEIVE_OVER_TIME|1530439539765|Error|Too long to Receive Info|execute[SWRE.java:88]<-execute[SWRE.java:102]<-loadDepotCFG[CFGFile.java:934]<-loadCFG[CFGFile.java:44]<-run[MainProcess.java:71]|You can check Your net make sure you and Server in a same LAN
18:49:06 = BUILD_SOCKET_FAILED|1530442146310|Error|Build Socket Failed|setSocket[ClientConnection.java:185]<-loadDepotCFG[CFGFile.java:923]<-loadCFG[CFGFile.java:44]<-run[MainProcess.java:71]|java.net.ConnectException: Connection refused: connect
18:56:54 = BUILD_SOCKET_FAILED|1530442614531|Error|Build Socket Failed|setSocket[ClientConnection.java:185]<-loadDepotCFG[CFGFile.java:923]<-loadCFG[CFGFile.java:44]<-run[MainProcess.java:71]|java.net.ConnectException: Connection refused: connect
18:57:46 = BUILD_SOCKET_FAILED|1530442666111|Error|Build Socket Failed|setSocket[ClientConnection.java:185]<-loadDepotCFG[CFGFile.java:923]<-loadCFG[CFGFile.java:44]<-run[MainProcess.java:71]|java.net.ConnectException: Connection refused: connect
18:58:01 = BUILD_SOCKET_FAILED|1530442681378|Error|Build Socket Failed|setSocket[ClientConnection.java:185]<-loadDepotCFG[CFGFile.java:923]<-loadCFG[CFGFile.java:44]<-run[MainProcess.java:71]|java.net.ConnectException: Connection refused: connect
18:59:40 = BUILD_SOCKET_FAILED|1530442780586|Error|Build Socket Failed|setSocket[ClientConnection.java:185]<-loadDepotCFG[CFGFile.java:923]<-loadCFG[CFGFile.java:44]<-run[MainProcess.java:71]|java.net.ConnectException: Connection refused: connect
19:00:29 = BUILD_SOCKET_FAILED|1530442829464|Error|Build Socket Failed|setSocket[ClientConnection.java:185]<-loadDepotCFG[CFGFile.java:923]<-loadCFG[CFGFile.java:44]<-run[MainProcess.java:71]|java.net.ConnectException: Connection refused: connect
19:00:56 = BUILD_SOCKET_FAILED|1530442856501|Error|Build Socket Failed|setSocket[ClientConnection.java:185]<-loadDepotCFG[CFGFile.java:923]<-loadCFG[CFGFile.java:44]<-run[MainProcess.java:71]|java.net.ConnectException: Connection refused: connect
19:08:42 = BUILD_SOCKET_FAILED|1530443322849|Error|Build Socket Failed|setSocket[ClientConnection.java:185]<-loadDepotCFG[CFGFile.java:923]<-loadCFG[CFGFile.java:44]<-run[MainProcess.java:71]|java.net.ConnectException: Connection refused: connect
19:21:09 = BUILD_SOCKET_FAILED|1530444069252|Error|Build Socket Failed|setSocket[ClientConnection.java:185]<-loadDepotCFG[CFGFile.java:923]<-loadCFG[CFGFile.java:44]<-run[MainProcess.java:71]|java.net.ConnectException: Connection refused: connect
19:21:35 = BUILD_SOCKET_FAILED|1530444095529|Error|Build Socket Failed|setSocket[ClientConnection.java:185]<-loadDepotCFG[CFGFile.java:923]<-loadCFG[CFGFile.java:44]<-run[MainProcess.java:71]|java.net.ConnectException: Connection refused: connect
19:22:38 = BUILD_SOCKET_FAILED|1530444158786|Error|Build Socket Failed|setSocket[ClientConnection.java:185]<-loadDepotCFG[CFGFile.java:923]<-loadCFG[CFGFile.java:44]<-run[MainProcess.java:71]|java.net.ConnectException: Connection refused: connect
19:23:47 = BUILD_SOCKET_FAILED|1530444227014|Error|Build Socket Failed|setSocket[ClientConnection.java:185]<-loadDepotCFG[CFGFile.java:923]<-loadCFG[CFGFile.java:44]<-run[MainProcess.java:71]|java.net.ConnectException: Connection refused: connect
19:26:03 = BUILD_SOCKET_FAILED|1530444363373|Error|Build Socket Failed|setSocket[ClientConnection.java:185]<-loadDepotCFG[CFGFile.java:923]<-loadCFG[CFGFile.java:44]<-run[MainProcess.java:71]|java.net.ConnectException: Connection refused: connect
19:26:30 = BUILD_SOCKET_FAILED|1530444390688|Error|Build Socket Failed|setSocket[ClientConnection.java:185]<-loadDepotCFG[CFGFile.java:923]<-loadCFG[CFGFile.java:44]<-run[MainProcess.java:71]|java.net.ConnectException: Connection refused: connect
19:33:34 = BUILD_SOCKET_FAILED|1530444814594|Error|Build Socket Failed|setSocket[ClientConnection.java:185]<-loadDepotCFG[CFGFile.java:923]<-loadCFG[CFGFile.java:44]<-run[MainProcess.java:71]|java.net.ConnectException: Connection refused: connect
19:34:59 = BUILD_SOCKET_FAILED|1530444899060|Error|Build Socket Failed|setSocket[ClientConnection.java:185]<-loadDepotCFG[CFGFile.java:923]<-loadCFG[CFGFile.java:44]<-run[MainProcess.java:71]|java.net.ConnectException: Connection refused: connect
19:35:10 = BUILD_SOCKET_FAILED|1530444910413|Error|Build Socket Failed|setSocket[ClientConnection.java:185]<-loadDepotCFG[CFGFile.java:923]<-loadCFG[CFGFile.java:44]<-run[MainProcess.java:71]|java.net.ConnectException: Connection refused: connect
19:35:25 = BUILD_SOCKET_FAILED|1530444925212|Error|Build Socket Failed|setSocket[ClientConnection.java:185]<-loadDepotCFG[CFGFile.java:923]<-loadCFG[CFGFile.java:44]<-run[MainProcess.java:71]|java.net.ConnectException: Connection refused: connect
19:36:05 = BUILD_SOCKET_FAILED|1530444965596|Error|Build Socket Failed|setSocket[ClientConnection.java:185]<-loadDepotCFG[CFGFile.java:923]<-loadCFG[CFGFile.java:44]<-run[MainProcess.java:71]|java.net.ConnectException: Connection refused: connect
19:36:48 = BUILD_SOCKET_FAILED|1530445008532|Error|Build Socket Failed|setSocket[ClientConnection.java:185]<-loadDepotCFG[CFGFile.java:923]<-loadCFG[CFGFile.java:44]<-run[MainProcess.java:71]|java.net.ConnectException: Connection refused: connect
19:37:28 = BUILD_SOCKET_FAILED|1530445048579|Error|Build Socket Failed|setSocket[ClientConnection.java:185]<-loadDepotCFG[CFGFile.java:923]<-loadCFG[CFGFile.java:44]<-run[MainProcess.java:71]|java.net.ConnectException: Connection refused: connect
19:37:42 = BUILD_SOCKET_FAILED|1530445062843|Error|Build Socket Failed|setSocket[ClientConnection.java:185]<-loadDepotCFG[CFGFile.java:923]<-loadCFG[CFGFile.java:44]<-run[MainProcess.java:71]|java.net.ConnectException: Connection refused: connect
19:38:01 = BUILD_SOCKET_FAILED|1530445081518|Error|Build Socket Failed|setSocket[ClientConnection.java:185]<-loadDepotCFG[CFGFile.java:923]<-loadCFG[CFGFile.java:44]<-run[MainProcess.java:71]|java.net.ConnectException: Connection refused: connect
19:38:22 = BUILD_SOCKET_FAILED|1530445102397|Error|Build Socket Failed|setSocket[ClientConnection.java:185]<-loadDepotCFG[CFGFile.java:923]<-loadCFG[CFGFile.java:44]<-run[MainProcess.java:71]|java.net.ConnectException: Connection refused: connect
19:38:40 = BUILD_SOCKET_FAILED|1530445120629|Error|Build Socket Failed|setSocket[ClientConnection.java:185]<-loadDepotCFG[CFGFile.java:923]<-loadCFG[CFGFile.java:44]<-run[MainProcess.java:71]|java.net.ConnectException: Connection refused: connect
19:38:53 = BUILD_SOCKET_FAILED|1530445133320|Error|Build Socket Failed|setSocket[ClientConnection.java:185]<-loadDepotCFG[CFGFile.java:923]<-loadCFG[CFGFile.java:44]<-run[MainProcess.java:71]|java.net.ConnectException: Connection refused: connect
19:39:32 = BUILD_SOCKET_FAILED|1530445172819|Error|Build Socket Failed|setSocket[ClientConnection.java:185]<-loadDepotCFG[CFGFile.java:923]<-loadCFG[CFGFile.java:44]<-run[MainProcess.java:71]|java.net.ConnectException: Connection refused: connect
19:39:51 = BUILD_SOCKET_FAILED|1530445191171|Error|Build Socket Failed|setSocket[ClientConnection.java:185]<-loadDepotCFG[CFGFile.java:923]<-loadCFG[CFGFile.java:44]<-run[MainProcess.java:71]|java.net.ConnectException: Connection refused: connect
19:40:13 = BUILD_SOCKET_FAILED|1530445213321|Error|Build Socket Failed|setSocket[ClientConnection.java:185]<-loadDepotCFG[CFGFile.java:923]<-loadCFG[CFGFile.java:44]<-run[MainProcess.java:71]|java.net.ConnectException: Connection refused: connect
19:40:37 = BUILD_SOCKET_FAILED|1530445237448|Error|Build Socket Failed|setSocket[ClientConnection.java:185]<-loadDepotCFG[CFGFile.java:923]<-loadCFG[CFGFile.java:44]<-run[MainProcess.java:71]|java.net.ConnectException: Connection refused: connect
19:57:14 = BUILD_SOCKET_FAILED|1530446234393|Error|Build Socket Failed|setSocket[ClientConnection.java:185]<-loadDepotCFG[CFGFile.java:923]<-loadCFG[CFGFile.java:44]<-run[MainProcess.java:71]|java.net.ConnectException: Connection refused: connect
19:58:28 = BUILD_SOCKET_FAILED|1530446308672|Error|Build Socket Failed|setSocket[ClientConnection.java:185]<-loadDepotCFG[CFGFile.java:923]<-loadCFG[CFGFile.java:44]<-run[MainProcess.java:71]|java.net.ConnectException: Connection refused: connect
20:01:23 = BUILD_SOCKET_FAILED|1530446483524|Error|Build Socket Failed|setSocket[ClientConnection.java:185]<-loadDepotCFG[CFGFile.java:923]<-loadCFG[CFGFile.java:44]<-run[MainProcess.java:71]|java.net.ConnectException: Connection refused: connect
20:07:37 = BUILD_SOCKET_FAILED|1530446857327|Error|Build Socket Failed|setSocket[ClientConnection.java:185]<-loadDepotCFG[CFGFile.java:923]<-loadCFG[CFGFile.java:44]<-run[MainProcess.java:71]|java.net.ConnectException: Connection refused: connect
20:08:44 = BUILD_SOCKET_FAILED|1530446924624|Error|Build Socket Failed|setSocket[ClientConnection.java:185]<-loadDepotCFG[CFGFile.java:923]<-loadCFG[CFGFile.java:44]<-run[MainProcess.java:71]|java.net.ConnectException: Connection refused: connect
20:20:41 = BUILD_SOCKET_FAILED|1530447641351|Error|Build Socket Failed|setSocket[ClientConnection.java:185]<-loadDepotCFG[CFGFile.java:923]<-loadCFG[CFGFile.java:44]<-run[MainProcess.java:71]|java.net.ConnectException: Connection refused: connect
20:21:53 = BUILD_SOCKET_FAILED|1530447713113|Error|Build Socket Failed|setSocket[ClientConnection.java:185]<-loadDepotCFG[CFGFile.java:923]<-loadCFG[CFGFile.java:44]<-run[MainProcess.java:71]|java.net.ConnectException: Connection refused: connect
20:22:40 = BUILD_SOCKET_FAILED|1530447760642|Error|Build Socket Failed|setSocket[ClientConnection.java:185]<-loadDepotCFG[CFGFile.java:923]<-loadCFG[CFGFile.java:44]<-run[MainProcess.java:71]|java.net.ConnectException: Connection refused: connect
20:23:25 = BUILD_SOCKET_FAILED|1530447805752|Error|Build Socket Failed|setSocket[ClientConnection.java:185]<-loadDepotCFG[CFGFile.java:923]<-loadCFG[CFGFile.java:44]<-run[MainProcess.java:71]|java.net.ConnectException: Connection refused: connect
20:24:45 = BUILD_SOCKET_FAILED|1530447885294|Error|Build Socket Failed|setSocket[ClientConnection.java:185]<-loadDepotCFG[CFGFile.java:923]<-loadCFG[CFGFile.java:44]<-run[MainProcess.java:71]|java.net.ConnectException: Connection refused: connect
20:25:15 = BUILD_SOCKET_FAILED|1530447915814|Error|Build Socket Failed|setSocket[ClientConnection.java:185]<-loadDepotCFG[CFGFile.java:923]<-loadCFG[CFGFile.java:44]<-run[MainProcess.java:71]|java.net.ConnectException: Connection refused: connect
20:25:29 = BUILD_SOCKET_FAILED|1530447929139|Error|Build Socket Failed|setSocket[ClientConnection.java:185]<-loadDepotCFG[CFGFile.java:923]<-loadCFG[CFGFile.java:44]<-run[MainProcess.java:71]|java.net.ConnectException: Connection refused: connect
20:27:42 = BUILD_SOCKET_FAILED|1530448062283|Error|Build Socket Failed|setSocket[ClientConnection.java:185]<-loadDepotCFG[CFGFile.java:923]<-loadCFG[CFGFile.java:44]<-run[MainProcess.java:71]|java.net.ConnectException: Connection refused: connect
20:29:27 = BUILD_SOCKET_FAILED|1530448167739|Error|Build Socket Failed|setSocket[ClientConnection.java:185]<-loadDepotCFG[CFGFile.java:926]<-loadCFG[CFGFile.java:47]<-run[MainProcess.java:71]|java.net.ConnectException: Connection refused: connect
20:30:03 = BUILD_SOCKET_FAILED|1530448203613|Error|Build Socket Failed|setSocket[ClientConnection.java:185]<-loadDepotCFG[CFGFile.java:923]<-loadCFG[CFGFile.java:44]<-run[MainProcess.java:71]|java.net.ConnectException: Connection refused: connect
20:34:22 = BUILD_SOCKET_FAILED|1530448462813|Error|Build Socket Failed|setSocket[ClientConnection.java:185]<-loadDepotCFG[CFGFile.java:923]<-loadCFG[CFGFile.java:44]<-run[MainProcess.java:71]|java.net.ConnectException: Connection refused: connect
20:39:19 = BUILD_SOCKET_FAILED|1530448759926|Error|Build Socket Failed|setSocket[ClientConnection.java:185]<-loadDepotCFG[CFGFile.java:923]<-loadCFG[CFGFile.java:44]<-run[MainProcess.java:71]|java.net.ConnectException: Connection refused: connect
20:53:27 = BUILD_SOCKET_FAILED|1530449607599|Error|Build Socket Failed|setSocket[ClientConnection.java:185]<-loadDepotCFG[CFGFile.java:923]<-loadCFG[CFGFile.java:44]<-run[MainProcess.java:71]|java.net.ConnectException: Connection refused: connect
21:09:34 = BUILD_SOCKET_FAILED|1530450574410|Error|Build Socket Failed|setSocket[ClientConnection.java:185]<-loadDepotCFG[CFGFile.java:923]<-loadCFG[CFGFile.java:44]<-run[MainProcess.java:71]|java.net.ConnectException: Connection refused: connect
21:44:47 = BUILD_SOCKET_FAILED|1530452687734|Error|Build Socket Failed|setSocket[ClientConnection.java:185]<-loadDepotCFG[CFGFile.java:923]<-loadCFG[CFGFile.java:44]<-run[MainProcess.java:71]|java.net.ConnectException: Connection refused: connect
