20:06:21 = CFG_WRONG_CONTENT|1531051581594|Warning|Content is Wrong|loadDepotCFG[CFGFile.java:747]<-loadClientCFG[CFGFile.java:1213]<-loadCFG[CFGFile.java:55]<-run[MainProcess.java:75]|the Value of ServerMachineIP is wrong
20:08:50 = CFG_WRONG_CONTENT|1531051730053|Warning|Content is Wrong|loadDepotCFG[CFGFile.java:747]<-loadClientCFG[CFGFile.java:1213]<-loadCFG[CFGFile.java:55]<-run[MainProcess.java:75]|the Value of ServerMachineIP is wrong
20:27:32 = OTHERS|1531052852234|Warning|Unknow Reason Type|loadServerCFG[CFGFile.java:410]<-loadCFG[CFGFile.java:54]<-run[MainProcess.java:75]|java.lang.IllegalArgumentException: No enum constant BasicEnums.FileType.
20:33:13 = CFG_WRONG_CONTENT|1531053193979|Warning|Content is Wrong|loadDepotCFG[CFGFile.java:763]<-loadClientCFG[CFGFile.java:1238]<-loadCFG[CFGFile.java:60]<-run[MainProcess.java:75]|the Value of ServerMachineIP is wrong
20:34:03 = OTHERS|1531053243708|Warning|Unknow Reason Type|loadServerCFG[CFGFile.java:410]<-loadCFG[CFGFile.java:54]<-run[MainProcess.java:75]|java.lang.IllegalArgumentException: No enum constant BasicEnums.FileType.
20:36:04 = OTHERS|1531053364435|Warning|Unknow Reason Type|loadServerCFG[CFGFile.java:410]<-loadCFG[CFGFile.java:54]<-run[MainProcess.java:75]|java.lang.IllegalArgumentException: No enum constant BasicEnums.FileType.
20:41:02 = OTHERS|1531053662994|Warning|Unknow Reason Type|loadServerCFG[CFGFile.java:411]<-loadCFG[CFGFile.java:54]<-run[MainProcess.java:75]|java.lang.IllegalArgumentException: No enum constant BasicEnums.FileType.
20:41:54 = OTHERS|1531053714873|Warning|Unknow Reason Type|loadServerCFG[CFGFile.java:411]<-loadCFG[CFGFile.java:54]<-run[MainProcess.java:75]|java.lang.IllegalArgumentException: No enum constant BasicEnums.FileType.
20:43:02 = OTHERS|1531053782123|Warning|Unknow Reason Type|loadServerCFG[CFGFile.java:411]<-loadCFG[CFGFile.java:54]<-run[MainProcess.java:75]|java.lang.IllegalArgumentException: No enum constant BasicEnums.FileType.
20:43:56 = OTHERS|1531053836651|Warning|Unknow Reason Type|loadServerCFG[CFGFile.java:411]<-loadCFG[CFGFile.java:54]<-run[MainProcess.java:75]|java.lang.IllegalArgumentException: No enum constant BasicEnums.FileType.
20:50:27 = OTHERS|1531054227556|Warning|Unknow Reason Type|loadServerCFG[CFGFile.java:411]<-loadCFG[CFGFile.java:54]<-run[MainProcess.java:75]|java.lang.IllegalArgumentException: No enum constant BasicEnums.FileType.
20:50:50 = OTHERS|1531054250198|Warning|Unknow Reason Type|loadServerCFG[CFGFile.java:411]<-loadCFG[CFGFile.java:54]<-run[MainProcess.java:75]|java.lang.IllegalArgumentException: No enum constant BasicEnums.FileType.
20:57:40 = CFG_NOT_EXIST|1531054660456|Warning|Item Not Exist|loadDepotCFG[CFGFile.java:768]<-loadCFG[CFGFile.java:57]<-run[MainProcess.java:75]|Not Find: ServerMachineIP
21:05:11 = CFG_WRONG_CONTENT|1531055111560|Warning|Content is Wrong|loadDepotCFG[CFGFile.java:773]<-loadCFG[CFGFile.java:57]<-run[MainProcess.java:75]|the Value of ServerMachineIP is wrong
21:11:56 = CFG_WRONG_CONTENT|1531055516588|Warning|Content is Wrong|loadDepotCFG[CFGFile.java:773]<-loadCFG[CFGFile.java:57]<-run[MainProcess.java:75]|the Value of ServerMachineIP is wrong
21:14:08 = CFG_WRONG_CONTENT|1531055648927|Warning|Content is Wrong|loadDepotCFG[CFGFile.java:773]<-loadCFG[CFGFile.java:57]<-run[MainProcess.java:75]|the Value of ServerMachineIP is wrong
21:14:35 = CFG_WRONG_CONTENT|1531055675038|Warning|Content is Wrong|loadDepotCFG[CFGFile.java:773]<-loadCFG[CFGFile.java:57]<-run[MainProcess.java:75]|the Value of ServerMachineIP is wrong
22:15:18 = CFG_NOT_EQUAL|1531059318976|Warning|Value Not Equals to|loadDepotCFG[CFGFile.java:843]<-loadCFG[CFGFile.java:57]<-run[MainProcess.java:75]|MachineIndex Not Equals to This_MachineIndex
22:17:03 = OTHERS|1531059423254|Warning|Unknow Reason Type|loadDepotCFG[CFGFile.java:954]<-loadCFG[CFGFile.java:57]<-run[MainProcess.java:75]|java.lang.IllegalArgumentException: No enum constant BasicEnums.FileType.
22:19:27 = OTHERS|1531059567844|Warning|Unknow Reason Type|loadDepotCFG[CFGFile.java:954]<-loadCFG[CFGFile.java:57]<-run[MainProcess.java:75]|java.lang.IllegalArgumentException: No enum constant BasicEnums.FileType.
22:25:47 = OTHERS|1531059947532|Warning|Unknow Reason Type|loadDepotCFG[CFGFile.java:954]<-loadCFG[CFGFile.java:57]<-run[MainProcess.java:75]|java.lang.IllegalArgumentException: No enum constant BasicEnums.FileType.
22:26:15 = OTHERS|1531059975857|Warning|Unknow Reason Type|loadDepotCFG[CFGFile.java:954]<-loadCFG[CFGFile.java:57]<-run[MainProcess.java:75]|java.lang.IllegalArgumentException: No enum constant BasicEnums.FileType.
22:26:41 = OTHERS|1531060001977|Warning|Unknow Reason Type|loadDepotCFG[CFGFile.java:954]<-loadCFG[CFGFile.java:57]<-run[MainProcess.java:75]|java.lang.IllegalArgumentException: No enum constant BasicEnums.FileType.
22:40:07 = OTHERS|1531060807441|Warning|Unknow Reason Type|loadDepotCFG[CFGFile.java:954]<-loadCFG[CFGFile.java:57]<-run[MainProcess.java:75]|java.lang.IllegalArgumentException: No enum constant BasicEnums.FileType.
22:41:29 = OTHERS|1531060889704|Warning|Unknow Reason Type|loadDepotCFG[CFGFile.java:954]<-loadCFG[CFGFile.java:57]<-run[MainProcess.java:75]|java.lang.IllegalArgumentException: No enum constant BasicEnums.FileType.
22:42:16 = OTHERS|1531060936388|Warning|Unknow Reason Type|loadDepotCFG[CFGFile.java:954]<-loadCFG[CFGFile.java:57]<-run[MainProcess.java:75]|java.lang.IllegalArgumentException: No enum constant BasicEnums.FileType.
22:43:04 = OTHERS|1531060984521|Warning|Unknow Reason Type|loadDepotCFG[CFGFile.java:954]<-loadCFG[CFGFile.java:57]<-run[MainProcess.java:75]|java.lang.IllegalArgumentException: No enum constant BasicEnums.FileType.
22:45:29 = COMMUNICATOR_BUILD_SOCKED_FAILED|1531061129253|Warning|Build Socked Failed|setSocket[ClientConnection.java:229]<-loadDepotCFG[CFGFile.java:880]<-loadCFG[CFGFile.java:57]<-run[MainProcess.java:75]|java.net.ConnectException: Connection refused: connect
22:46:35 = OTHERS|1531061195453|Warning|Unknow Reason Type|loadDepotCFG[CFGFile.java:954]<-loadCFG[CFGFile.java:57]<-run[MainProcess.java:75]|java.lang.IllegalArgumentException: No enum constant BasicEnums.FileType.
22:46:39 = COMMON_TIME_OUT|1531061199687|Warning|Time Out|waitUntilConnectionIdle[Time.java:93]<-execute[SWRE.java:89]<-execute[SWRE.java:105]<-closeServer[Manager.java:779]<-actionPerformed[MainForm.java:274]|waitTicks = 1000
22:46:39 = COMMUNICATOR_RECEIVE_FAILED|1531061199687|Warning|Receive Data Failed|execute[SWRE.java:90]<-execute[SWRE.java:105]<-closeServer[Manager.java:779]<-actionPerformed[MainForm.java:274]|Time out
22:47:01 = COMMUNICATOR_CONNECTION_CLOSED|1531061221576|Warning|Connection Already has been Closed|run[MainProcess.java:145]|Server[This Machine] Closed
22:48:27 = OTHERS|1531061307432|Warning|Unknow Reason Type|loadDepotCFG[CFGFile.java:954]<-loadCFG[CFGFile.java:57]<-run[MainProcess.java:75]|java.lang.IllegalArgumentException: No enum constant BasicEnums.FileType.
22:48:47 = COMMON_TIME_OUT|1531061327376|Warning|Time Out|waitUntilConnectionIdle[Time.java:93]<-execute[SWRE.java:89]<-execute[SWRE.java:105]<-closeServer[Manager.java:779]<-actionPerformed[MainForm.java:274]|waitTicks = 1000
22:48:47 = COMMUNICATOR_RECEIVE_FAILED|1531061327376|Warning|Receive Data Failed|execute[SWRE.java:90]<-execute[SWRE.java:105]<-closeServer[Manager.java:779]<-actionPerformed[MainForm.java:274]|Time out
22:48:55 = COMMUNICATOR_CONNECTION_CLOSED|1531061335562|Warning|Connection Already has been Closed|run[MainProcess.java:145]|Server[This Machine] Closed
22:53:51 = OTHERS|1531061631131|Warning|Unknow Reason Type|loadDepotCFG[CFGFile.java:954]<-loadCFG[CFGFile.java:57]<-run[MainProcess.java:75]|java.lang.IllegalArgumentException: No enum constant BasicEnums.FileType.
22:53:55 = COMMON_TIME_OUT|1531061635320|Warning|Time Out|waitUntilConnectionIdle[Time.java:93]<-execute[SWRE.java:89]<-execute[SWRE.java:105]<-closeServer[Manager.java:779]<-actionPerformed[MainForm.java:274]|waitTicks = 1000
22:53:55 = COMMUNICATOR_RECEIVE_FAILED|1531061635320|Warning|Receive Data Failed|execute[SWRE.java:90]<-execute[SWRE.java:105]<-closeServer[Manager.java:779]<-actionPerformed[MainForm.java:274]|Time out
22:54:11 = COMMUNICATOR_CONNECTION_CLOSED|1531061651259|Warning|Connection Already has been Closed|run[MainProcess.java:145]|Server[This Machine] Closed
22:58:31 = COMMUNICATOR_BUILD_SOCKED_FAILED|1531061911946|Warning|Build Socked Failed|setSocket[ClientConnection.java:229]<-loadDepotCFG[CFGFile.java:880]<-loadCFG[CFGFile.java:57]<-run[MainProcess.java:75]|java.net.ConnectException: Connection refused: connect
22:58:41 = OTHERS|1531061921278|Warning|Unknow Reason Type|loadDepotCFG[CFGFile.java:954]<-loadCFG[CFGFile.java:57]<-run[MainProcess.java:75]|java.lang.IllegalArgumentException: No enum constant BasicEnums.FileType.
23:03:47 = OTHERS|1531062227035|Warning|Unknow Reason Type|loadDepotCFG[CFGFile.java:954]<-loadCFG[CFGFile.java:57]<-run[MainProcess.java:75]|java.lang.IllegalArgumentException: No enum constant BasicEnums.FileType.
23:04:05 = OTHERS|1531062245129|Warning|Unknow Reason Type|loadDepotCFG[CFGFile.java:954]<-loadCFG[CFGFile.java:57]<-run[MainProcess.java:75]|java.lang.IllegalArgumentException: No enum constant BasicEnums.FileType.
23:33:18 = OTHERS|1531063998903|Warning|Unknow Reason Type|loadDepotCFG[CFGFile.java:954]<-loadCFG[CFGFile.java:57]<-run[MainProcess.java:75]|java.lang.IllegalArgumentException: No enum constant BasicEnums.FileType.
23:36:05 = OTHERS|1531064165052|Warning|Unknow Reason Type|loadDepotCFG[CFGFile.java:954]<-loadCFG[CFGFile.java:57]<-run[MainProcess.java:75]|java.lang.IllegalArgumentException: No enum constant BasicEnums.FileType.
23:37:46 = OTHERS|1531064266825|Warning|Unknow Reason Type|loadDepotCFG[CFGFile.java:954]<-loadCFG[CFGFile.java:57]<-run[MainProcess.java:75]|java.lang.IllegalArgumentException: No enum constant BasicEnums.FileType.
23:39:00 = OTHERS|1531064340631|Warning|Unknow Reason Type|loadDepotCFG[CFGFile.java:954]<-loadCFG[CFGFile.java:57]<-run[MainProcess.java:75]|java.lang.IllegalArgumentException: No enum constant BasicEnums.FileType.
23:49:05 = OTHERS|1531064945911|Warning|Unknow Reason Type|loadDepotCFG[CFGFile.java:954]<-loadCFG[CFGFile.java:57]<-run[MainProcess.java:75]|java.lang.IllegalArgumentException: No enum constant BasicEnums.FileType.
23:55:30 = OTHERS|1531065330471|Warning|Unknow Reason Type|loadDepotCFG[CFGFile.java:954]<-loadCFG[CFGFile.java:57]<-run[MainProcess.java:75]|java.lang.IllegalArgumentException: No enum constant BasicEnums.FileType.
