00:10:59 = OTHERS|1531325459697|Warning|Unknow Reason Type|loadDepotCFG[CFGFile.java:954]<-loadCFG[CFGFile.java:57]<-run[MainProcess.java:78]|java.lang.IllegalArgumentException: No enum constant BasicEnums.FileType.
00:37:10 = OTHERS|1531327030053|Warning|Unknow Reason Type|loadDepotCFG[CFGFile.java:967]<-loadCFG[CFGFile.java:70]<-run[MainProcess.java:78]|java.lang.IllegalArgumentException: No enum constant BasicEnums.FileType.
00:38:24 = COMMUNICATOR_CONNECTION_CLOSED|1531327104257|Warning|Connection Already has been Closed|run[MainProcess.java:157]|Server[Remote Machine] Closed
00:45:46 = OTHERS|1531327546442|Warning|Unknow Reason Type|loadDepotCFG[CFGFile.java:967]<-loadCFG[CFGFile.java:70]<-run[MainProcess.java:78]|java.lang.IllegalArgumentException: No enum constant BasicEnums.FileType.
00:45:59 = COMMUNICATOR_CONNECTION_CLOSED|1531327559599|Warning|Connection Already has been Closed|run[MainProcess.java:157]|Server[Remote Machine] Closed
00:47:14 = OTHERS|1531327634203|Warning|Unknow Reason Type|loadDepotCFG[CFGFile.java:967]<-loadCFG[CFGFile.java:70]<-run[MainProcess.java:78]|java.lang.IllegalArgumentException: No enum constant BasicEnums.FileType.
01:05:06 = OTHERS|1531328706861|Warning|Unknow Reason Type|loadDepotCFG[CFGFile.java:967]<-loadCFG[CFGFile.java:70]<-run[MainProcess.java:78]|java.lang.IllegalArgumentException: No enum constant BasicEnums.FileType.
01:06:26 = COMMUNICATOR_CONNECTION_CLOSED|1531328786070|Warning|Connection Already has been Closed|run[MainProcess.java:157]|Server[Remote Machine] Closed
01:09:06 = OTHERS|1531328946407|Warning|Unknow Reason Type|loadDepotCFG[CFGFile.java:967]<-loadCFG[CFGFile.java:70]<-run[MainProcess.java:78]|java.lang.IllegalArgumentException: No enum constant BasicEnums.FileType.
01:12:43 = COMMUNICATOR_CONNECTION_CLOSED|1531329163663|Warning|Connection Already has been Closed|run[MainProcess.java:157]|Server[Remote Machine] Closed
01:16:28 = OTHERS|1531329388722|Warning|Unknow Reason Type|loadDepotCFG[CFGFile.java:967]<-loadCFG[CFGFile.java:70]<-run[MainProcess.java:78]|java.lang.IllegalArgumentException: No enum constant BasicEnums.FileType.
03:48:11 = OTHERS|1531338491414|Warning|Unknow Reason Type|loadDepotCFG[CFGFile.java:967]<-loadCFG[CFGFile.java:70]<-run[MainProcess.java:78]|java.lang.IllegalArgumentException: No enum constant BasicEnums.FileType.
03:49:33 = NORMAL|1531338573962|Normal||run[ServerConnection.java:528]|
03:51:21 = OTHERS|1531338681519|Warning|Unknow Reason Type|loadDepotCFG[CFGFile.java:967]<-loadCFG[CFGFile.java:70]<-run[MainProcess.java:78]|java.lang.IllegalArgumentException: No enum constant BasicEnums.FileType.
03:52:14 = COMMON_TIME_OUT|1531338734856|Warning|Time Out|waitUntilConnectionIdle[Time.java:93]<-execute[SWRE.java:89]<-execute[SWRE.java:105]<-exchange[Manager.java:2489]<-run[MainProcess.java:89]|waitTicks = 2000
03:52:14 = COMMUNICATOR_RECEIVE_FAILED|1531338734856|Warning|Receive Data Failed|execute[SWRE.java:90]<-execute[SWRE.java:105]<-exchange[Manager.java:2489]<-run[MainProcess.java:89]|Time out
03:53:15 = OTHERS|1531338795764|Warning|Unknow Reason Type|loadDepotCFG[CFGFile.java:967]<-loadCFG[CFGFile.java:70]<-run[MainProcess.java:78]|java.lang.IllegalArgumentException: No enum constant BasicEnums.FileType.
03:53:18 = COMMON_TIME_OUT|1531338798073|Warning|Time Out|waitUntilConnectionIdle[Time.java:93]<-execute[SWRE.java:89]<-execute[SWRE.java:105]<-exchange[Manager.java:2489]<-run[MainProcess.java:89]|waitTicks = 2000
03:53:18 = COMMUNICATOR_RECEIVE_FAILED|1531338798073|Warning|Receive Data Failed|execute[SWRE.java:90]<-execute[SWRE.java:105]<-exchange[Manager.java:2489]<-run[MainProcess.java:89]|Time out
03:56:15 = OTHERS|1531338975400|Warning|Unknow Reason Type|loadDepotCFG[CFGFile.java:967]<-loadCFG[CFGFile.java:70]<-run[MainProcess.java:78]|java.lang.IllegalArgumentException: No enum constant BasicEnums.FileType.
03:56:37 = OTHERS|1531338997043|Warning|Unknow Reason Type|loadDepotCFG[CFGFile.java:967]<-loadCFG[CFGFile.java:70]<-run[MainProcess.java:78]|java.lang.IllegalArgumentException: No enum constant BasicEnums.FileType.
04:04:10 = OTHERS|1531339450138|Warning|Unknow Reason Type|loadDepotCFG[CFGFile.java:967]<-loadCFG[CFGFile.java:70]<-run[MainProcess.java:78]|java.lang.IllegalArgumentException: No enum constant BasicEnums.FileType.
11:11:45 = COMMUNICATOR_BUILD_SOCKED_FAILED|1531365105565|Warning|Build Socked Failed|setSocket[ClientConnection.java:236]<-loadDepotCFG[CFGFile.java:893]<-loadCFG[CFGFile.java:70]<-run[MainProcess.java:78]|java.net.ConnectException: Connection refused: connect
11:15:34 = OTHERS|1531365334400|Warning|Unknow Reason Type|loadDepotCFG[CFGFile.java:967]<-loadCFG[CFGFile.java:70]<-run[MainProcess.java:78]|java.lang.IllegalArgumentException: No enum constant BasicEnums.FileType.
12:08:40 = OTHERS|1531368520660|Warning|Unknow Reason Type|loadDepotCFG[CFGFile.java:967]<-loadCFG[CFGFile.java:70]<-run[MainProcess.java:78]|java.lang.IllegalArgumentException: No enum constant BasicEnums.FileType.
12:20:07 = OTHERS|1531369207240|Warning|Unknow Reason Type|loadDepotCFG[CFGFile.java:967]<-loadCFG[CFGFile.java:70]<-run[MainProcess.java:78]|java.lang.IllegalArgumentException: No enum constant BasicEnums.FileType.
12:20:07 = DB_OPERATE_FAILED|1531369207745|Warning|Delete Table Users Failed|deleteTable[SQLManager.java:505]<-deleteTable_Pictures[SQLManager.java:532]<-deleteDepotTables[SQLManager.java:485]<-deleteDepotTables[DBManager.java:137]<-loadDepotCFG[CFGFile.java:1181]<-loadCFG[CFGFile.java:70]<-run[MainProcess.java:78]|com.mysql.jdbc.exceptions.MySQLSyntaxErrorException: Unknown table 'depot_c.users'
12:22:44 = OTHERS|1531369364312|Warning|Unknow Reason Type|loadDepotCFG[CFGFile.java:967]<-loadCFG[CFGFile.java:70]<-run[MainProcess.java:78]|java.lang.IllegalArgumentException: No enum constant BasicEnums.FileType.
12:31:16 = OTHERS|1531369876558|Warning|Unknow Reason Type|loadDepotCFG[CFGFile.java:967]<-loadCFG[CFGFile.java:70]<-run[MainProcess.java:78]|java.lang.IllegalArgumentException: No enum constant BasicEnums.FileType.
12:34:11 = OTHERS|1531370051690|Warning|Unknow Reason Type|loadDepotCFG[CFGFile.java:967]<-loadCFG[CFGFile.java:70]<-run[MainProcess.java:78]|java.lang.IllegalArgumentException: No enum constant BasicEnums.FileType.
12:37:50 = OTHERS|1531370270862|Warning|Unknow Reason Type|loadDepotCFG[CFGFile.java:967]<-loadCFG[CFGFile.java:70]<-run[MainProcess.java:78]|java.lang.IllegalArgumentException: No enum constant BasicEnums.FileType.
12:43:02 = OTHERS|1531370582755|Warning|Unknow Reason Type|loadDepotCFG[CFGFile.java:967]<-loadCFG[CFGFile.java:70]<-run[MainProcess.java:78]|java.lang.IllegalArgumentException: No enum constant BasicEnums.FileType.
12:43:14 = OTHERS|1531370594196|Warning|Unknow Reason Type|loadDepotCFG[CFGFile.java:967]<-loadCFG[CFGFile.java:70]<-run[MainProcess.java:78]|java.lang.IllegalArgumentException: No enum constant BasicEnums.FileType.
12:43:39 = OTHERS|1531370619395|Warning|Unknow Reason Type|loadDepotCFG[CFGFile.java:967]<-loadCFG[CFGFile.java:70]<-run[MainProcess.java:78]|java.lang.IllegalArgumentException: No enum constant BasicEnums.FileType.
12:47:30 = OTHERS|1531370850042|Warning|Unknow Reason Type|loadDepotCFG[CFGFile.java:967]<-loadCFG[CFGFile.java:70]<-run[MainProcess.java:78]|java.lang.IllegalArgumentException: No enum constant BasicEnums.FileType.
12:47:30 = COMMUNICATOR_BUILD_SOCKED_FAILED|1531370850524|Warning|Build Socked Failed|connect[ServerTCP.java:162]<-run[MainProcess.java:120]|java.net.BindException: Address already in use: JVM_Bind
12:48:11 = OTHERS|1531370891344|Warning|Unknow Reason Type|loadDepotCFG[CFGFile.java:967]<-loadCFG[CFGFile.java:70]<-run[MainProcess.java:78]|java.lang.IllegalArgumentException: No enum constant BasicEnums.FileType.
12:53:04 = OTHERS|1531371184114|Warning|Unknow Reason Type|loadDepotCFG[CFGFile.java:967]<-loadCFG[CFGFile.java:70]<-run[MainProcess.java:78]|java.lang.IllegalArgumentException: No enum constant BasicEnums.FileType.
12:55:03 = OTHERS|1531371303746|Warning|Unknow Reason Type|loadDepotCFG[CFGFile.java:967]<-loadCFG[CFGFile.java:70]<-run[MainProcess.java:78]|java.lang.IllegalArgumentException: No enum constant BasicEnums.FileType.
13:01:24 = OTHERS|1531371684405|Warning|Unknow Reason Type|loadDepotCFG[CFGFile.java:967]<-loadCFG[CFGFile.java:70]<-run[MainProcess.java:78]|java.lang.IllegalArgumentException: No enum constant BasicEnums.FileType.
13:05:09 = OTHERS|1531371909682|Warning|Unknow Reason Type|loadDepotCFG[CFGFile.java:967]<-loadCFG[CFGFile.java:70]<-run[MainProcess.java:78]|java.lang.IllegalArgumentException: No enum constant BasicEnums.FileType.
13:11:50 = OTHERS|1531372310231|Warning|Unknow Reason Type|loadDepotCFG[CFGFile.java:967]<-loadCFG[CFGFile.java:70]<-run[MainProcess.java:78]|java.lang.IllegalArgumentException: No enum constant BasicEnums.FileType.
13:18:35 = OTHERS|1531372715026|Warning|Unknow Reason Type|loadDepotCFG[CFGFile.java:967]<-loadCFG[CFGFile.java:70]<-run[MainProcess.java:78]|java.lang.IllegalArgumentException: No enum constant BasicEnums.FileType.
13:21:00 = OTHERS|1531372860811|Warning|Unknow Reason Type|loadDepotCFG[CFGFile.java:967]<-loadCFG[CFGFile.java:70]<-run[MainProcess.java:78]|java.lang.IllegalArgumentException: No enum constant BasicEnums.FileType.
13:31:28 = OTHERS|1531373488895|Warning|Unknow Reason Type|loadDepotCFG[CFGFile.java:976]<-loadCFG[CFGFile.java:70]<-run[MainProcess.java:78]|java.lang.IllegalArgumentException: No enum constant BasicEnums.FileType.
13:43:54 = OTHERS|1531374234690|Warning|Unknow Reason Type|loadDepotCFG[CFGFile.java:976]<-loadCFG[CFGFile.java:70]<-run[MainProcess.java:78]|java.lang.IllegalArgumentException: No enum constant BasicEnums.FileType.
14:04:46 = OTHERS|1531375486951|Warning|Unknow Reason Type|loadDepotCFG[CFGFile.java:979]<-loadCFG[CFGFile.java:70]<-run[MainProcess.java:78]|java.lang.IllegalArgumentException: No enum constant BasicEnums.FileType.
14:10:55 = OTHERS|1531375855535|Warning|Unknow Reason Type|loadDepotCFG[CFGFile.java:979]<-loadCFG[CFGFile.java:70]<-run[MainProcess.java:78]|java.lang.IllegalArgumentException: No enum constant BasicEnums.FileType.
14:10:55 = DB_OPERATE_FAILED|1531375855733|Warning|Delete Table Users Failed|deleteTable[SQLManager.java:505]<-deleteTable_Pictures[SQLManager.java:532]<-deleteDepotTables[SQLManager.java:485]<-deleteDepotTables[DBManager.java:137]<-resetDepotCFG[CFGFile.java:1249]<-resetCFG[CFGFile.java:118]<-loadCFG[CFGFile.java:79]<-run[MainProcess.java:78]|com.mysql.jdbc.exceptions.MySQLSyntaxErrorException: Unknown table 'depot_c.users'
14:13:32 = OTHERS|1531376012582|Warning|Unknow Reason Type|loadDepotCFG[CFGFile.java:979]<-loadCFG[CFGFile.java:70]<-run[MainProcess.java:78]|java.lang.IllegalArgumentException: No enum constant BasicEnums.FileType.
14:13:33 = DB_OPERATE_FAILED|1531376013106|Warning|DataBase Operation Failed|QueryFolders[SQLManager.java:594]<-QueryFolders[DBManager.java:180]<-checkFoldersAndFiles[DepotChecker.java:78]<-check[DepotChecker.java:64]<-run[MainProcess.java:113]|com.mysql.jdbc.exceptions.MySQLSyntaxErrorException: Table 'depot_c.folders' doesn't exist
14:13:33 = DB_OPERATE_FAILED|1531376013108|Warning|DataBase Operation Failed|QueryFiles[SQLManager.java:646]<-QueryFiles[DBManager.java:183]<-checkFoldersAndFiles[DepotChecker.java:79]<-check[DepotChecker.java:64]<-run[MainProcess.java:113]|com.mysql.jdbc.exceptions.MySQLSyntaxErrorException: Table 'depot_c.files' doesn't exist
14:13:33 = DB_OPERATE_FAILED|1531376013118|Warning|com.mysql.jdbc.exceptions.MySQLSyntaxErrorException: Table 'depot_c.folders' doesn't exist|updataFolder[SQLManager.java:1441]<-updataFolder[DBManager.java:264]<-checkFoldersAndFiles[DepotChecker.java:119]<-check[DepotChecker.java:64]<-run[MainProcess.java:113]|exp = INSERT INTO Folders VALUES(1, -1, 2, 4, 4, 'D:\\Space_For_Media\\Pictures\\FMX_Test_Depot_C', 'Folder', 'NotExistInRemote', 1531374304605, 0, 0, '');
14:13:33 = DB_OPERATE_FAILED|1531376013119|Warning|com.mysql.jdbc.exceptions.MySQLSyntaxErrorException: Table 'depot_c.files' doesn't exist|updataFile[SQLManager.java:1497]<-updataFile[DBManager.java:267]<-checkFoldersAndFiles[DepotChecker.java:148]<-check[DepotChecker.java:64]<-run[MainProcess.java:113]|exp = INSERT INTO Files VALUES(2, 1, 2, 4, 4, 'D:\\Space_For_Media\\Pictures\\FMX_Test_Depot_C\\a1.jpg', 'Unsupport', 'NotExistInRemote', 1531069746620, 1376217, 0, '');
14:13:33 = DB_OPERATE_FAILED|1531376013120|Warning|com.mysql.jdbc.exceptions.MySQLSyntaxErrorException: Table 'depot_c.files' doesn't exist|updataFile[SQLManager.java:1497]<-updataFile[DBManager.java:267]<-checkFoldersAndFiles[DepotChecker.java:148]<-check[DepotChecker.java:64]<-run[MainProcess.java:113]|exp = INSERT INTO Files VALUES(3, 1, 2, 4, 4, 'D:\\Space_For_Media\\Pictures\\FMX_Test_Depot_C\\a10.jpg', 'Unsupport', 'NotExistInRemote', 1531136698044, 1375232, 0, '');
14:13:33 = DB_OPERATE_FAILED|1531376013122|Warning|com.mysql.jdbc.exceptions.MySQLSyntaxErrorException: Table 'depot_c.files' doesn't exist|updataFile[SQLManager.java:1497]<-updataFile[DBManager.java:267]<-checkFoldersAndFiles[DepotChecker.java:148]<-check[DepotChecker.java:64]<-run[MainProcess.java:113]|exp = INSERT INTO Files VALUES(4, 1, 2, 4, 4, 'D:\\Space_For_Media\\Pictures\\FMX_Test_Depot_C\\a11.jpg', 'Unsupport', 'NotExistInRemote', 1531136372114, 1376217, 0, '');
14:13:33 = DB_OPERATE_FAILED|1531376013123|Warning|com.mysql.jdbc.exceptions.MySQLSyntaxErrorException: Table 'depot_c.files' doesn't exist|updataFile[SQLManager.java:1497]<-updataFile[DBManager.java:267]<-checkFoldersAndFiles[DepotChecker.java:148]<-check[DepotChecker.java:64]<-run[MainProcess.java:113]|exp = INSERT INTO Files VALUES(5, 1, 2, 4, 4, 'D:\\Space_For_Media\\Pictures\\FMX_Test_Depot_C\\a12.jpg', 'Unsupport', 'NotExistInRemote', 1531136935934, 1376217, 0, '');
14:13:33 = DB_OPERATE_FAILED|1531376013125|Warning|com.mysql.jdbc.exceptions.MySQLSyntaxErrorException: Table 'depot_c.files' doesn't exist|updataFile[SQLManager.java:1497]<-updataFile[DBManager.java:267]<-checkFoldersAndFiles[DepotChecker.java:148]<-check[DepotChecker.java:64]<-run[MainProcess.java:113]|exp = INSERT INTO Files VALUES(6, 1, 2, 4, 4, 'D:\\Space_For_Media\\Pictures\\FMX_Test_Depot_C\\a13.jpg', 'Unsupport', 'NotExistInRemote', 1531137154410, 1376217, 0, '');
14:13:33 = DB_OPERATE_FAILED|1531376013126|Warning|com.mysql.jdbc.exceptions.MySQLSyntaxErrorException: Table 'depot_c.files' doesn't exist|updataFile[SQLManager.java:1497]<-updataFile[DBManager.java:267]<-checkFoldersAndFiles[DepotChecker.java:148]<-check[DepotChecker.java:64]<-run[MainProcess.java:113]|exp = INSERT INTO Files VALUES(7, 1, 2, 4, 4, 'D:\\Space_For_Media\\Pictures\\FMX_Test_Depot_C\\a14.jpg', 'Unsupport', 'NotExistInRemote', 1531137192792, 1376217, 0, '');
14:13:33 = DB_OPERATE_FAILED|1531376013127|Warning|com.mysql.jdbc.exceptions.MySQLSyntaxErrorException: Table 'depot_c.files' doesn't exist|updataFile[SQLManager.java:1497]<-updataFile[DBManager.java:267]<-checkFoldersAndFiles[DepotChecker.java:148]<-check[DepotChecker.java:64]<-run[MainProcess.java:113]|exp = INSERT INTO Files VALUES(8, 1, 2, 4, 4, 'D:\\Space_For_Media\\Pictures\\FMX_Test_Depot_C\\a15.jpg', 'Unsupport', 'NotExistInRemote', 1531140463974, 1376217, 0, '');
14:13:33 = DB_OPERATE_FAILED|1531376013128|Warning|com.mysql.jdbc.exceptions.MySQLSyntaxErrorException: Table 'depot_c.files' doesn't exist|updataFile[SQLManager.java:1497]<-updataFile[DBManager.java:267]<-checkFoldersAndFiles[DepotChecker.java:148]<-check[DepotChecker.java:64]<-run[MainProcess.java:113]|exp = INSERT INTO Files VALUES(9, 1, 2, 4, 4, 'D:\\Space_For_Media\\Pictures\\FMX_Test_Depot_C\\a16.jpg', 'Unsupport', 'NotExistInRemote', 1531372876635, 1376217, 0, '');
14:13:33 = DB_OPERATE_FAILED|1531376013129|Warning|com.mysql.jdbc.exceptions.MySQLSyntaxErrorException: Table 'depot_c.files' doesn't exist|updataFile[SQLManager.java:1497]<-updataFile[DBManager.java:267]<-checkFoldersAndFiles[DepotChecker.java:148]<-check[DepotChecker.java:64]<-run[MainProcess.java:113]|exp = INSERT INTO Files VALUES(10, 1, 2, 4, 4, 'D:\\Space_For_Media\\Pictures\\FMX_Test_Depot_C\\a17.jpg', 'Unsupport', 'NotExistInRemote', 1531373536535, 1376217, 0, '');
14:13:33 = DB_OPERATE_FAILED|1531376013130|Warning|com.mysql.jdbc.exceptions.MySQLSyntaxErrorException: Table 'depot_c.files' doesn't exist|updataFile[SQLManager.java:1497]<-updataFile[DBManager.java:267]<-checkFoldersAndFiles[DepotChecker.java:148]<-check[DepotChecker.java:64]<-run[MainProcess.java:113]|exp = INSERT INTO Files VALUES(11, 1, 2, 4, 4, 'D:\\Space_For_Media\\Pictures\\FMX_Test_Depot_C\\a18.jpg', 'Unsupport', 'NotExistInRemote', 1531374306612, 1376217, 0, '');
14:13:33 = DB_OPERATE_FAILED|1531376013131|Warning|com.mysql.jdbc.exceptions.MySQLSyntaxErrorException: Table 'depot_c.files' doesn't exist|updataFile[SQLManager.java:1497]<-updataFile[DBManager.java:267]<-checkFoldersAndFiles[DepotChecker.java:148]<-check[DepotChecker.java:64]<-run[MainProcess.java:113]|exp = INSERT INTO Files VALUES(12, 1, 2, 4, 4, 'D:\\Space_For_Media\\Pictures\\FMX_Test_Depot_C\\a2.jpg', 'Unsupport', 'NotExistInRemote', 1531127109683, 1376217, 0, '');
14:13:33 = DB_OPERATE_FAILED|1531376013133|Warning|com.mysql.jdbc.exceptions.MySQLSyntaxErrorException: Table 'depot_c.files' doesn't exist|updataFile[SQLManager.java:1497]<-updataFile[DBManager.java:267]<-checkFoldersAndFiles[DepotChecker.java:148]<-check[DepotChecker.java:64]<-run[MainProcess.java:113]|exp = INSERT INTO Files VALUES(13, 1, 2, 4, 4, 'D:\\Space_For_Media\\Pictures\\FMX_Test_Depot_C\\a2.rar', 'Unsupport', 'NotExistInRemote', 1531109438160, 16955551, 0, '');
14:13:33 = DB_OPERATE_FAILED|1531376013134|Warning|com.mysql.jdbc.exceptions.MySQLSyntaxErrorException: Table 'depot_c.files' doesn't exist|updataFile[SQLManager.java:1497]<-updataFile[DBManager.java:267]<-checkFoldersAndFiles[DepotChecker.java:148]<-check[DepotChecker.java:64]<-run[MainProcess.java:113]|exp = INSERT INTO Files VALUES(14, 1, 2, 4, 4, 'D:\\Space_For_Media\\Pictures\\FMX_Test_Depot_C\\a3.jpg', 'Unsupport', 'NotExistInRemote', 1531069498198, 182191, 0, '');
14:13:33 = DB_OPERATE_FAILED|1531376013136|Warning|com.mysql.jdbc.exceptions.MySQLSyntaxErrorException: Table 'depot_c.files' doesn't exist|updataFile[SQLManager.java:1497]<-updataFile[DBManager.java:267]<-checkFoldersAndFiles[DepotChecker.java:148]<-check[DepotChecker.java:64]<-run[MainProcess.java:113]|exp = INSERT INTO Files VALUES(15, 1, 2, 4, 4, 'D:\\Space_For_Media\\Pictures\\FMX_Test_Depot_C\\a3.rar', 'Unsupport', 'NotExistInRemote', 1531109530247, 14787584, 0, '');
14:13:33 = DB_OPERATE_FAILED|1531376013138|Warning|com.mysql.jdbc.exceptions.MySQLSyntaxErrorException: Table 'depot_c.files' doesn't exist|updataFile[SQLManager.java:1497]<-updataFile[DBManager.java:267]<-checkFoldersAndFiles[DepotChecker.java:148]<-check[DepotChecker.java:64]<-run[MainProcess.java:113]|exp = INSERT INTO Files VALUES(16, 1, 2, 4, 4, 'D:\\Space_For_Media\\Pictures\\FMX_Test_Depot_C\\a4.rar', 'Unsupport', 'NotExistInRemote', 1531110894723, 16955551, 0, '');
14:13:33 = DB_OPERATE_FAILED|1531376013140|Warning|com.mysql.jdbc.exceptions.MySQLSyntaxErrorException: Table 'depot_c.files' doesn't exist|updataFile[SQLManager.java:1497]<-updataFile[DBManager.java:267]<-checkFoldersAndFiles[DepotChecker.java:148]<-check[DepotChecker.java:64]<-run[MainProcess.java:113]|exp = INSERT INTO Files VALUES(17, 1, 2, 4, 4, 'D:\\Space_For_Media\\Pictures\\FMX_Test_Depot_C\\a5.rar', 'Unsupport', 'NotExistInRemote', 1531111843377, 16955551, 0, '');
14:13:33 = DB_OPERATE_FAILED|1531376013141|Warning|com.mysql.jdbc.exceptions.MySQLSyntaxErrorException: Table 'depot_c.files' doesn't exist|updataFile[SQLManager.java:1497]<-updataFile[DBManager.java:267]<-checkFoldersAndFiles[DepotChecker.java:148]<-check[DepotChecker.java:64]<-run[MainProcess.java:113]|exp = INSERT INTO Files VALUES(18, 1, 2, 4, 4, 'D:\\Space_For_Media\\Pictures\\FMX_Test_Depot_C\\a6.rar', 'Unsupport', 'NotExistInRemote', 1531111875870, 14589087, 0, '');
14:13:33 = DB_OPERATE_FAILED|1531376013143|Warning|com.mysql.jdbc.exceptions.MySQLSyntaxErrorException: Table 'depot_c.files' doesn't exist|updataFile[SQLManager.java:1497]<-updataFile[DBManager.java:267]<-checkFoldersAndFiles[DepotChecker.java:148]<-check[DepotChecker.java:64]<-run[MainProcess.java:113]|exp = INSERT INTO Files VALUES(19, 1, 2, 4, 4, 'D:\\Space_For_Media\\Pictures\\FMX_Test_Depot_C\\a7.rar', 'Unsupport', 'NotExistInRemote', 1531111937953, 16955551, 0, '');
14:13:33 = DB_OPERATE_FAILED|1531376013144|Warning|com.mysql.jdbc.exceptions.MySQLSyntaxErrorException: Table 'depot_c.files' doesn't exist|updataFile[SQLManager.java:1497]<-updataFile[DBManager.java:267]<-checkFoldersAndFiles[DepotChecker.java:148]<-check[DepotChecker.java:64]<-run[MainProcess.java:113]|exp = INSERT INTO Files VALUES(20, 1, 2, 4, 4, 'D:\\Space_For_Media\\Pictures\\FMX_Test_Depot_C\\a8.jpg', 'Unsupport', 'NotExistInRemote', 1531130608698, 1376217, 0, '');
14:13:33 = DB_OPERATE_FAILED|1531376013145|Warning|com.mysql.jdbc.exceptions.MySQLSyntaxErrorException: Table 'depot_c.files' doesn't exist|updataFile[SQLManager.java:1497]<-updataFile[DBManager.java:267]<-checkFoldersAndFiles[DepotChecker.java:148]<-check[DepotChecker.java:64]<-run[MainProcess.java:113]|exp = INSERT INTO Files VALUES(21, 1, 2, 4, 4, 'D:\\Space_For_Media\\Pictures\\FMX_Test_Depot_C\\a9.jpg', 'Unsupport', 'NotExistInRemote', 1531136126585, 1376217, 0, '');
14:13:33 = DB_OPERATE_FAILED|1531376013146|Warning|com.mysql.jdbc.exceptions.MySQLSyntaxErrorException: Table 'depot_c.files' doesn't exist|updataFile[SQLManager.java:1497]<-updataFile[DBManager.java:267]<-checkFoldersAndFiles[DepotChecker.java:148]<-check[DepotChecker.java:64]<-run[MainProcess.java:113]|exp = INSERT INTO Files VALUES(22, 1, 2, 4, 4, 'D:\\Space_For_Media\\Pictures\\FMX_Test_Depot_C\\Konachan.com - 40519 sample.jpg', 'Unsupport', 'NotExistInRemote', 1513230756554, 980911, 0, '');
14:13:33 = DB_OPERATE_FAILED|1531376013148|Warning|com.mysql.jdbc.exceptions.MySQLSyntaxErrorException: Table 'depot_c.files' doesn't exist|updataFile[SQLManager.java:1497]<-updataFile[DBManager.java:267]<-checkFoldersAndFiles[DepotChecker.java:148]<-check[DepotChecker.java:64]<-run[MainProcess.java:113]|exp = INSERT INTO Files VALUES(23, 1, 2, 4, 4, 'D:\\Space_For_Media\\Pictures\\FMX_Test_Depot_C\\Konachan.com - 42884 akane_iro_ni_somaru_saka clouds izumi_tsubasu nagase_minato ryohka seifuku sky wink.jpg', 'Unsupport', 'NotExistInRemote', 1513230741768, 1376217, 0, '');
14:13:33 = DB_OPERATE_FAILED|1531376013149|Warning|com.mysql.jdbc.exceptions.MySQLSyntaxErrorException: Table 'depot_c.files' doesn't exist|updataFile[SQLManager.java:1497]<-updataFile[DBManager.java:267]<-checkFoldersAndFiles[DepotChecker.java:148]<-check[DepotChecker.java:64]<-run[MainProcess.java:113]|exp = INSERT INTO Files VALUES(24, 1, 2, 4, 4, 'D:\\Space_For_Media\\Pictures\\FMX_Test_Depot_C\\Konachan.com - 42951 akane_iro_ni_somaru_saka nagase_minato ryohka white.jpg', 'Unsupport', 'NotExistInRemote', 1513230745599, 210512, 0, '');
14:13:33 = DB_OPERATE_FAILED|1531376013150|Warning|com.mysql.jdbc.exceptions.MySQLSyntaxErrorException: Table 'depot_c.files' doesn't exist|updataFile[SQLManager.java:1497]<-updataFile[DBManager.java:267]<-checkFoldersAndFiles[DepotChecker.java:148]<-check[DepotChecker.java:64]<-run[MainProcess.java:113]|exp = INSERT INTO Files VALUES(25, 1, 2, 4, 4, 'D:\\Space_For_Media\\Pictures\\FMX_Test_Depot_C\\Konachan.com - 42959 akane_iro_ni_somaru_saka christmas hat nagase_minato ryohka santa_costume santa_hat school_swimsuit swimsuit thighhighs.jpg', 'Unsupport', 'NotExistInRemote', 1513230751609, 1124035, 0, '');
14:13:33 = DB_OPERATE_FAILED|1531376013151|Warning|com.mysql.jdbc.exceptions.MySQLSyntaxErrorException: Table 'depot_c.files' doesn't exist|updataFile[SQLManager.java:1497]<-updataFile[DBManager.java:267]<-checkFoldersAndFiles[DepotChecker.java:148]<-check[DepotChecker.java:64]<-run[MainProcess.java:113]|exp = INSERT INTO Files VALUES(26, 1, 2, 4, 4, 'D:\\Space_For_Media\\Pictures\\FMX_Test_Depot_C\\Konachan.com - 50234 sample.jpg', 'Unsupport', 'NotExistInRemote', 1513230724366, 2284384, 0, '');
14:13:33 = DB_OPERATE_FAILED|1531376013152|Warning|com.mysql.jdbc.exceptions.MySQLSyntaxErrorException: Table 'depot_c.files' doesn't exist|updataFile[SQLManager.java:1497]<-updataFile[DBManager.java:267]<-checkFoldersAndFiles[DepotChecker.java:148]<-check[DepotChecker.java:64]<-run[MainProcess.java:113]|exp = INSERT INTO Files VALUES(27, 1, 2, 4, 4, 'D:\\Space_For_Media\\Pictures\\FMX_Test_Depot_C\\Konachan.com - 50896 akane_iro_ni_somaru_saka izumi_tsubasu katagiri_yuuhi nagase_minato ryohka.jpg', 'Unsupport', 'NotExistInRemote', 1513230719304, 1476836, 0, '');
14:13:33 = DB_OPERATE_FAILED|1531376013153|Warning|com.mysql.jdbc.exceptions.MySQLSyntaxErrorException: Table 'depot_c.files' doesn't exist|updataFile[SQLManager.java:1497]<-updataFile[DBManager.java:267]<-checkFoldersAndFiles[DepotChecker.java:148]<-check[DepotChecker.java:64]<-run[MainProcess.java:113]|exp = INSERT INTO Files VALUES(28, 1, 2, 4, 4, 'D:\\Space_For_Media\\Pictures\\FMX_Test_Depot_C\\Konachan.com - 53000 akane_iro_ni_somaru_saka nagase_minato ryohka.jpg', 'Unsupport', 'NotExistInRemote', 1513230729166, 356539, 0, '');
14:13:33 = DB_OPERATE_FAILED|1531376013154|Warning|com.mysql.jdbc.exceptions.MySQLSyntaxErrorException: Table 'depot_c.files' doesn't exist|updataFile[SQLManager.java:1497]<-updataFile[DBManager.java:267]<-checkFoldersAndFiles[DepotChecker.java:148]<-check[DepotChecker.java:64]<-run[MainProcess.java:113]|exp = INSERT INTO Files VALUES(29, 1, 2, 4, 4, 'D:\\Space_For_Media\\Pictures\\FMX_Test_Depot_C\\yande.re 7682 sample akane_iro_ni_somaru_saka feng nagase_minato ryohka seifuku thighhighs.jpg', 'Unsupport', 'NotExistInRemote', 1513231144847, 185344, 0, '');
14:13:33 = DB_OPERATE_FAILED|1531376013155|Warning|DataBase Operation Failed|QueryFiles[SQLManager.java:646]<-QueryFiles[DBManager.java:183]<-checkFileType[DepotChecker.java:161]<-check[DepotChecker.java:67]<-run[MainProcess.java:113]|com.mysql.jdbc.exceptions.MySQLSyntaxErrorException: Table 'depot_c.files' doesn't exist
14:13:33 = COMMON_FILE_READ_FAILED|1531376013156|Warning|Read File Failed|load[Text.java:79]<-loadFolders[TXTManager.java:2728]<-QueryFolders[TXTManager.java:404]<-QueryFolders[DBManager.java:180]<-checkFoldersAndFiles[DepotChecker.java:78]<-check[DepotChecker.java:64]<-run[MainProcess.java:113]|java.io.FileNotFoundException: D:\Space_For_Media\Pictures\FMX_Test_Depot_D\Folders.txt (系统找不到指定的文件。)
14:13:33 = COMMON_FILE_READ_FAILED|1531376013156|Warning|Read File Failed|load[Text.java:79]<-loadFiles[TXTManager.java:2740]<-QueryFiles[TXTManager.java:596]<-QueryFiles[DBManager.java:183]<-checkFoldersAndFiles[DepotChecker.java:79]<-check[DepotChecker.java:64]<-run[MainProcess.java:113]|java.io.FileNotFoundException: D:\Space_For_Media\Pictures\FMX_Test_Depot_D\Files.txt (系统找不到指定的文件。)
14:14:11 = OTHERS|1531376051877|Warning|Unknow Reason Type|loadDepotCFG[CFGFile.java:979]<-loadCFG[CFGFile.java:70]<-run[MainProcess.java:78]|java.lang.IllegalArgumentException: No enum constant BasicEnums.FileType.
14:14:12 = DB_OPERATE_FAILED|1531376052090|Warning|Delete Table Folders Failed|deleteTable[SQLManager.java:505]<-deleteTable_Folders[SQLManager.java:513]<-deleteDepotTables[SQLManager.java:478]<-deleteDepotTables[DBManager.java:137]<-resetDepotCFG[CFGFile.java:1249]<-resetCFG[CFGFile.java:118]<-loadCFG[CFGFile.java:79]<-run[MainProcess.java:78]|com.mysql.jdbc.exceptions.MySQLSyntaxErrorException: Unknown table 'depot_c.folders'
14:16:07 = CFG_NOT_EQUAL|1531376167547|Warning|Value Not Equals to|loadDepotCFG[CFGFile.java:815]<-loadCFG[CFGFile.java:70]<-run[MainProcess.java:78]|ServerMachineIndex Not Equals to Server_MachineIndex
14:16:26 = CFG_NOT_EQUAL|1531376186774|Warning|Value Not Equals to|loadDepotCFG[CFGFile.java:815]<-loadCFG[CFGFile.java:70]<-run[MainProcess.java:78]|ServerMachineIndex Not Equals to Server_MachineIndex
14:17:48 = CFG_NOT_EQUAL|1531376268254|Warning|Value Not Equals to|loadDepotCFG[CFGFile.java:815]<-loadCFG[CFGFile.java:70]<-run[MainProcess.java:78]|ServerMachineIndex Not Equals to Server_MachineIndex
14:25:24 = OTHERS|1531376724364|Warning|Unknow Reason Type|loadDepotCFG[CFGFile.java:979]<-loadCFG[CFGFile.java:70]<-run[MainProcess.java:78]|java.lang.IllegalArgumentException: No enum constant BasicEnums.FileType.
14:25:24 = DB_OPERATE_FAILED|1531376724559|Warning|Delete Table Folders Failed|deleteTable[SQLManager.java:505]<-deleteTable_Folders[SQLManager.java:513]<-deleteDepotTables[SQLManager.java:478]<-deleteDepotTables[DBManager.java:137]<-resetDepotCFG[CFGFile.java:1249]<-resetCFG[CFGFile.java:118]<-loadCFG[CFGFile.java:79]<-run[MainProcess.java:78]|com.mysql.jdbc.exceptions.MySQLSyntaxErrorException: Unknown table 'depot_c.folders'
15:01:30 = OTHERS|1531378890634|Warning|Unknow Reason Type|loadDepotCFG[CFGFile.java:979]<-loadCFG[CFGFile.java:70]<-run[MainProcess.java:78]|java.lang.IllegalArgumentException: No enum constant BasicEnums.FileType.
15:02:40 = DB_OPERATE_FAILED|1531378960531|Warning|Delete Table Folders Failed|deleteTable[SQLManager.java:505]<-deleteTable_Folders[SQLManager.java:513]<-deleteDepotTables[SQLManager.java:478]<-deleteDepotTables[DBManager.java:137]<-loadDepotCFG[CFGFile.java:1216]<-loadCFG[CFGFile.java:70]<-run[MainProcess.java:78]|com.mysql.jdbc.exceptions.MySQLSyntaxErrorException: Unknown table 'depot_c.folders'
16:03:13 = OTHERS|1531382593563|Warning|Unknow Reason Type|loadDepotCFG[CFGFile.java:1010]<-loadCFG[CFGFile.java:70]<-run[MainProcess.java:78]|java.lang.IllegalArgumentException: No enum constant BasicEnums.FileType.
16:11:39 = OTHERS|1531383099535|Warning|Unknow Reason Type|loadDepotCFG[CFGFile.java:1010]<-loadCFG[CFGFile.java:70]<-run[MainProcess.java:78]|java.lang.IllegalArgumentException: No enum constant BasicEnums.FileType.
16:28:29 = COMMUNICATOR_BUILD_SOCKED_FAILED|1531384109078|Warning|Build Socked Failed|setSocket[ClientConnection.java:235]<-loadDepotCFG[CFGFile.java:935]<-loadCFG[CFGFile.java:70]<-run[MainProcess.java:78]|java.net.ConnectException: Connection refused: connect
16:29:31 = OTHERS|1531384171253|Warning|Unknow Reason Type|loadServerCFG[CFGFile.java:447]<-loadCFG[CFGFile.java:67]<-run[MainProcess.java:78]|java.lang.IllegalArgumentException: No enum constant BasicEnums.FileType.
16:48:23 = OTHERS|1531385303860|Warning|Unknow Reason Type|loadServerCFG[CFGFile.java:446]<-loadCFG[CFGFile.java:67]<-run[MainProcess.java:78]|java.lang.IllegalArgumentException: No enum constant BasicEnums.FileType.
16:55:20 = OTHERS|1531385720707|Warning|Unknow Reason Type|loadServerCFG[CFGFile.java:446]<-loadCFG[CFGFile.java:67]<-run[MainProcess.java:78]|java.lang.IllegalArgumentException: No enum constant BasicEnums.FileType.
16:57:59 = OTHERS|1531385879122|Warning|Unknow Reason Type|loadServerCFG[CFGFile.java:446]<-loadCFG[CFGFile.java:67]<-run[MainProcess.java:78]|java.lang.IllegalArgumentException: No enum constant BasicEnums.FileType.
17:07:24 = OTHERS|1531386444272|Warning|Unknow Reason Type|loadServerCFG[CFGFile.java:446]<-loadCFG[CFGFile.java:67]<-run[MainProcess.java:78]|java.lang.IllegalArgumentException: No enum constant BasicEnums.FileType.
17:10:39 = OTHERS|1531386639000|Warning|Unknow Reason Type|loadServerCFG[CFGFile.java:446]<-loadCFG[CFGFile.java:67]<-run[MainProcess.java:78]|java.lang.IllegalArgumentException: No enum constant BasicEnums.FileType.
17:22:40 = COMMUNICATOR_BUILD_SOCKED_FAILED|1531387360884|Warning|Build Socked Failed|setSocket[ClientConnection.java:235]<-loadDepotCFG[CFGFile.java:926]<-loadCFG[CFGFile.java:70]<-run[MainProcess.java:78]|java.net.ConnectException: Connection refused: connect
17:23:05 = OTHERS|1531387385296|Warning|Unknow Reason Type|loadDepotCFG[CFGFile.java:1001]<-loadCFG[CFGFile.java:70]<-run[MainProcess.java:78]|java.lang.IllegalArgumentException: No enum constant BasicEnums.FileType.
17:26:10 = OTHERS|1531387570557|Warning|Unknow Reason Type|loadDepotCFG[CFGFile.java:1001]<-loadCFG[CFGFile.java:70]<-run[MainProcess.java:78]|java.lang.IllegalArgumentException: No enum constant BasicEnums.FileType.
17:45:28 = OTHERS|1531388728123|Warning|Unknow Reason Type|loadDepotCFG[CFGFile.java:1004]<-loadCFG[CFGFile.java:70]<-run[MainProcess.java:78]|java.lang.IllegalArgumentException: No enum constant BasicEnums.FileType.
17:56:57 = OTHERS|1531389417938|Warning|Unknow Reason Type|loadDepotCFG[CFGFile.java:1004]<-loadCFG[CFGFile.java:70]<-run[MainProcess.java:78]|java.lang.IllegalArgumentException: No enum constant BasicEnums.FileType.
17:58:22 = DB_OPERATE_FAILED|1531389502128|Warning|Delete Table Folders Failed|deleteTable[SQLManager.java:567]<-deleteTable_Folders[SQLManager.java:575]<-deleteDepotTables[SQLManager.java:516]<-deleteDepotTables[DBManager.java:142]<-resetDepotCFG[CFGFile.java:1291]<-resetCFG[CFGFile.java:118]<-loadCFG[CFGFile.java:79]<-run[MainProcess.java:78]|com.mysql.jdbc.exceptions.MySQLSyntaxErrorException: Unknown table 'depot_c.folders'
17:58:22 = DB_OPERATE_FAILED|1531389502128|Warning|Delete Table Files Failed|deleteTable[SQLManager.java:567]<-deleteTable_Files[SQLManager.java:572]<-deleteDepotTables[SQLManager.java:520]<-deleteDepotTables[DBManager.java:142]<-resetDepotCFG[CFGFile.java:1291]<-resetCFG[CFGFile.java:118]<-loadCFG[CFGFile.java:79]<-run[MainProcess.java:78]|com.mysql.jdbc.exceptions.MySQLSyntaxErrorException: Unknown table 'depot_c.files'
18:00:20 = COMMON_FILE_READ_FAILED|1531389620099|Warning|Read File Failed|load[Text.java:79]<-loadFiles[TXTManager.java:2793]<-QueryFile[TXTManager.java:1691]<-QueryFile[DBManager.java:221]<-delSingleFile[Update.java:113]<-delSingleFile[Update.java:104]<-deleteFile[DepotManager.java:131]<-deleteContent[DepotManager.java:276]<-deleteDataBase[TXTManager.java:363]<-deleteDataBase[DBManager.java:146]<-resetDepotCFG[CFGFile.java:1292]<-resetCFG[CFGFile.java:118]<-loadCFG[CFGFile.java:79]<-run[MainProcess.java:78]|java.io.FileNotFoundException: D:\Space_For_Project\FileManagerX\Server\Windows_Java\dbs\11\Files.txt (系统找不到指定的文件。)
18:04:37 = OTHERS|1531389877922|Warning|Unknow Reason Type|loadDepotCFG[CFGFile.java:1004]<-loadCFG[CFGFile.java:70]<-run[MainProcess.java:78]|java.lang.IllegalArgumentException: No enum constant BasicEnums.FileType.
18:10:48 = OTHERS|1531390248531|Warning|Unknow Reason Type|loadDepotCFG[CFGFile.java:1004]<-loadCFG[CFGFile.java:70]<-run[MainProcess.java:78]|java.lang.IllegalArgumentException: No enum constant BasicEnums.FileType.
18:10:48 = DB_CONNECT_FAILED|1531390248711|Warning|Connect to DataBase Failed|connect[SQLManager.java:91]<-connect[DBManager.java:79]<-loadDepotCFG[CFGFile.java:1065]<-loadCFG[CFGFile.java:70]<-run[MainProcess.java:78]|com.mysql.jdbc.exceptions.MySQLSyntaxErrorException: Unknown database 'depot_c'
18:10:48 = COMMANDS_EXECUTE_FAILED|1531390248753|Warning|Command Execute Failed|loadDepotCFG[CFGFile.java:1157]<-loadCFG[CFGFile.java:70]<-run[MainProcess.java:78]|Add Depot Failed, Existed: DepotC
18:10:48 = COMMANDS_EXECUTE_FAILED|1531390248796|Warning|Command Execute Failed|loadDepotCFG[CFGFile.java:1157]<-loadCFG[CFGFile.java:70]<-run[MainProcess.java:78]|Add Depot Failed, Existed: DepotD
18:11:26 = OTHERS|1531390286667|Warning|Unknow Reason Type|loadDepotCFG[CFGFile.java:1004]<-loadCFG[CFGFile.java:70]<-run[MainProcess.java:78]|java.lang.IllegalArgumentException: No enum constant BasicEnums.FileType.
18:11:26 = DB_CONNECT_FAILED|1531390286807|Warning|Connect to DataBase Failed|connect[SQLManager.java:91]<-connect[DBManager.java:79]<-loadDepotCFG[CFGFile.java:1065]<-loadCFG[CFGFile.java:70]<-run[MainProcess.java:78]|com.mysql.jdbc.exceptions.MySQLSyntaxErrorException: Unknown database 'depot_c'
18:12:34 = OTHERS|1531390354646|Warning|Unknow Reason Type|loadDepotCFG[CFGFile.java:1004]<-loadCFG[CFGFile.java:70]<-run[MainProcess.java:78]|java.lang.IllegalArgumentException: No enum constant BasicEnums.FileType.
18:12:34 = DB_CONNECT_FAILED|1531390354777|Warning|Connect to DataBase Failed|connect[SQLManager.java:91]<-connect[DBManager.java:79]<-loadDepotCFG[CFGFile.java:1065]<-loadCFG[CFGFile.java:70]<-run[MainProcess.java:78]|com.mysql.jdbc.exceptions.MySQLSyntaxErrorException: Unknown database 'depot_c'
18:38:41 = OTHERS|1531391921275|Warning|Unknow Reason Type|loadDepotCFG[CFGFile.java:1004]<-loadCFG[CFGFile.java:70]<-run[MainProcess.java:78]|java.lang.IllegalArgumentException: No enum constant BasicEnums.FileType.
18:39:51 = OTHERS|1531391991764|Warning|Unknow Reason Type|loadDepotCFG[CFGFile.java:1004]<-loadCFG[CFGFile.java:70]<-run[MainProcess.java:78]|java.lang.IllegalArgumentException: No enum constant BasicEnums.FileType.
18:41:16 = OTHERS|1531392076591|Warning|Unknow Reason Type|loadDepotCFG[CFGFile.java:1004]<-loadCFG[CFGFile.java:70]<-run[MainProcess.java:78]|java.lang.IllegalArgumentException: No enum constant BasicEnums.FileType.
18:43:29 = OTHERS|1531392209714|Warning|Unknow Reason Type|loadDepotCFG[CFGFile.java:1004]<-loadCFG[CFGFile.java:70]<-run[MainProcess.java:78]|java.lang.IllegalArgumentException: No enum constant BasicEnums.FileType.
18:50:18 = OTHERS|1531392618103|Warning|Unknow Reason Type|loadDepotCFG[CFGFile.java:1004]<-loadCFG[CFGFile.java:70]<-run[MainProcess.java:78]|java.lang.IllegalArgumentException: No enum constant BasicEnums.FileType.
18:51:17 = OTHERS|1531392677174|Warning|Unknow Reason Type|loadDepotCFG[CFGFile.java:1004]<-loadCFG[CFGFile.java:70]<-run[MainProcess.java:78]|java.lang.IllegalArgumentException: No enum constant BasicEnums.FileType.
19:06:49 = OTHERS|1531393609182|Warning|Unknow Reason Type|loadDepotCFG[CFGFile.java:1004]<-loadCFG[CFGFile.java:70]<-run[MainProcess.java:78]|java.lang.IllegalArgumentException: No enum constant BasicEnums.FileType.
19:07:46 = OTHERS|1531393666299|Warning|Unknow Reason Type|loadDepotCFG[CFGFile.java:1004]<-loadCFG[CFGFile.java:70]<-run[MainProcess.java:78]|java.lang.IllegalArgumentException: No enum constant BasicEnums.FileType.
19:08:21 = OTHERS|1531393701355|Warning|Unknow Reason Type|loadDepotCFG[CFGFile.java:1004]<-loadCFG[CFGFile.java:70]<-run[MainProcess.java:78]|java.lang.IllegalArgumentException: No enum constant BasicEnums.FileType.
19:12:04 = OTHERS|1531393924265|Warning|Unknow Reason Type|loadDepotCFG[CFGFile.java:1004]<-loadCFG[CFGFile.java:70]<-run[MainProcess.java:78]|java.lang.IllegalArgumentException: No enum constant BasicEnums.FileType.
19:12:57 = OTHERS|1531393977449|Warning|Unknow Reason Type|loadDepotCFG[CFGFile.java:1004]<-loadCFG[CFGFile.java:70]<-run[MainProcess.java:78]|java.lang.IllegalArgumentException: No enum constant BasicEnums.FileType.
19:14:12 = OTHERS|1531394052204|Warning|Unknow Reason Type|loadDepotCFG[CFGFile.java:1004]<-loadCFG[CFGFile.java:70]<-run[MainProcess.java:78]|java.lang.IllegalArgumentException: No enum constant BasicEnums.FileType.
19:15:22 = OTHERS|1531394122327|Warning|Unknow Reason Type|loadDepotCFG[CFGFile.java:1004]<-loadCFG[CFGFile.java:70]<-run[MainProcess.java:78]|java.lang.IllegalArgumentException: No enum constant BasicEnums.FileType.
19:20:18 = OTHERS|1531394418853|Warning|Unknow Reason Type|loadDepotCFG[CFGFile.java:1004]<-loadCFG[CFGFile.java:70]<-run[MainProcess.java:78]|java.lang.IllegalArgumentException: No enum constant BasicEnums.FileType.
19:21:08 = OTHERS|1531394468026|Warning|Unknow Reason Type|loadDepotCFG[CFGFile.java:1004]<-loadCFG[CFGFile.java:70]<-run[MainProcess.java:78]|java.lang.IllegalArgumentException: No enum constant BasicEnums.FileType.
19:22:53 = OTHERS|1531394573165|Warning|Unknow Reason Type|loadDepotCFG[CFGFile.java:1004]<-loadCFG[CFGFile.java:70]<-run[MainProcess.java:78]|java.lang.IllegalArgumentException: No enum constant BasicEnums.FileType.
19:23:22 = OTHERS|1531394602012|Warning|Unknow Reason Type|loadDepotCFG[CFGFile.java:1004]<-loadCFG[CFGFile.java:70]<-run[MainProcess.java:78]|java.lang.IllegalArgumentException: No enum constant BasicEnums.FileType.
19:24:00 = OTHERS|1531394640872|Warning|Unknow Reason Type|loadDepotCFG[CFGFile.java:1004]<-loadCFG[CFGFile.java:70]<-run[MainProcess.java:78]|java.lang.IllegalArgumentException: No enum constant BasicEnums.FileType.
19:24:30 = OTHERS|1531394670618|Warning|Unknow Reason Type|loadDepotCFG[CFGFile.java:1004]<-loadCFG[CFGFile.java:70]<-run[MainProcess.java:78]|java.lang.IllegalArgumentException: No enum constant BasicEnums.FileType.
19:24:57 = OTHERS|1531394697690|Warning|Unknow Reason Type|loadDepotCFG[CFGFile.java:1004]<-loadCFG[CFGFile.java:70]<-run[MainProcess.java:78]|java.lang.IllegalArgumentException: No enum constant BasicEnums.FileType.
20:04:47 = OTHERS|1531397087615|Warning|Unknow Reason Type|loadDepotCFG[CFGFile.java:1004]<-loadCFG[CFGFile.java:70]<-run[MainProcess.java:78]|java.lang.IllegalArgumentException: No enum constant BasicEnums.FileType.
20:04:47 = COMMANDS_EXECUTE_FAILED|1531397087872|Warning|Command Execute Failed|loadDepotCFG[CFGFile.java:1157]<-loadCFG[CFGFile.java:70]<-run[MainProcess.java:78]|Add Depot Failed, Existed: DepotC
20:04:47 = COMMANDS_EXECUTE_FAILED|1531397087914|Warning|Command Execute Failed|loadDepotCFG[CFGFile.java:1157]<-loadCFG[CFGFile.java:70]<-run[MainProcess.java:78]|Add Depot Failed, Existed: DepotD
